=~=~=~=~=~=~=~=~=~=~=~= PuTTY log 2023.02.14 11:03:16 =~=~=~=~=~=~=~=~=~=~=~=
Adafruit BMP388 / BMP390 test
Temp(C),Press(kPa),CalculatedAlt(m)
0.04,0.00,0.00,1698.96
0.17,23.22,82.51,-57.87
0.29,22.15,102.02,-57.83
0.41,22.16,102.02,-57.86
0.52,22.16,102.02,-57.84
0.64,22.17,102.02,-57.83
0.77,22.17,102.02,-57.81
0.89,22.18,102.02,-57.86
1.01,22.18,102.02,-57.87
1.13,22.18,102.02,-57.87
1.24,22.18,102.02,-57.87
1.37,22.19,102.02,-57.91
1.49,22.19,102.02,-57.89
1.61,22.19,102.02,-57.91
1.73,22.19,102.02,-57.84
1.84,22.19,102.02,-57.86
1.97,22.19,102.02,-57.85
2.09,22.19,102.02,-57.91
2.21,22.19,102.02,-57.88
2.33,22.19,102.02,-57.88
2.45,22.19,102.02,-57.88
2.57,22.19,102.02,-57.82
2.69,22.19,102.02,-57.82
2.81,22.19,102.02,-57.82
2.93,22.19,102.02,-57.88
3.05,22.19,102.02,-57.87
3.17,22.19,102.02,-57.83
3.29,22.19,102.02,-57.84
3.41,22.19,102.02,-57.88
3.53,22.19,102.02,-57.83
3.65,22.19,102.02,-57.83
3.78,22.19,102.02,-57.82
3.89,22.19,102.02,-57.75
4.01,22.19,102.02,-57.74
4.13,22.19,102.02,-57.71
4.25,22.19,102.02,-57.71
4.38,22.19,102.02,-57.73
4.49,22.19,102.02,-57.79
4.61,22.19,102.02,-57.82
4.73,22.19,102.02,-57.80
4.85,22.19,102.02,-57.88
4.98,22.19,102.02,-57.91
5.09,22.19,102.02,-57.95
5.21,22.19,102.02,-57.94
5.33,22.19,102.02,-57.92
5.45,22.19,102.02,-57.93
5.58,22.19,102.02,-57.91
5.70,22.19,102.02,-57.89
5.81,22.19,102.02,-57.89
5.93,22.19,102.02,-57.86
6.05,22.19,102.02,-57.82
6.18,22.19,102.02,-57.78
6.30,22.19,102.02,-57.86
6.41,22.19,102.02,-57.88
6.53,22.19,102.02,-57.86
6.65,22.19,102.02,-57.89
6.78,22.20,102.02,-57.84
6.90,22.20,102.02,-57.83
7.01,22.20,102.02,-57.82
7.13,22.20,102.02,-57.85
7.25,22.20,102.02,-57.88
7.38,22.20,102.02,-57.86
7.50,22.20,102.02,-57.86
7.61,22.20,102.02,-57.77
7.73,22.20,102.02,-57.79
7.85,22.20,102.02,-57.84
7.98,22.20,102.02,-57.90
8.10,22.20,102.02,-57.78
8.22,22.20,102.02,-57.83
8.33,22.20,102.02,-57.81
8.45,22.20,102.02,-57.87
8.58,22.20,102.02,-57.91
8.70,22.20,102.02,-57.87
8.82,22.20,102.02,-57.79
8.94,22.20,102.02,-57.77
9.05,22.20,102.02,-57.76
9.18,22.20,102.02,-57.82
9.30,22.20,102.02,-57.82
9.42,22.20,102.02,-57.83
9.54,22.20,102.02,-57.83
9.65,22.20,102.02,-57.85
9.78,22.20,102.02,-57.81
9.90,22.20,102.02,-57.81
10.02,22.20,102.02,-57.81
10.14,22.20,102.02,-57.78
10.26,22.20,102.02,-57.78
10.38,22.20,102.02,-57.81
10.50,22.20,102.02,-57.79
10.62,22.20,102.02,-57.82
10.74,22.20,102.02,-57.85
10.86,22.20,102.02,-57.87
10.98,22.20,102.02,-57.92
11.10,22.20,102.02,-57.93
11.22,22.20,102.02,-57.94
11.34,22.20,102.02,-57.84
11.46,22.20,102.02,-57.78
11.59,22.20,102.02,-57.79
11.70,22.20,102.02,-57.79
11.82,22.20,102.02,-57.79
11.94,22.20,102.02,-57.82
12.06,22.20,102.02,-57.78
12.19,22.20,102.02,-57.79
12.31,22.20,102.02,-57.81
12.42,22.20,102.02,-57.80
12.54,22.20,102.02,-57.82
12.66,22.20,102.02,-57.82
12.79,22.20,102.02,-57.87
12.91,22.20,102.02,-57.91
13.02,22.20,102.02,-57.90
13.14,22.20,102.02,-57.90
13.26,22.20,102.02,-57.88
13.39,22.20,102.02,-57.82
13.51,22.20,102.02,-57.85
13.63,22.20,102.02,-57.84
13.74,22.20,102.02,-57.80
13.86,22.20,102.02,-57.83
13.99,22.20,102.02,-57.76
14.11,22.20,102.02,-57.83
14.23,22.20,102.02,-57.82
14.34,22.20,102.02,-57.85
14.46,22.20,102.02,-57.84
14.59,22.20,102.02,-57.75
14.71,22.20,102.02,-57.77
14.83,22.20,102.02,-57.74
14.94,22.19,102.02,-57.84
15.06,22.20,102.02,-57.90
15.19,22.20,102.02,-57.93
15.31,22.20,102.02,-57.91
15.43,22.20,102.02,-57.87
15.55,22.20,102.02,-57.84
15.67,22.20,102.02,-57.86
15.79,22.20,102.02,-57.88
15.91,22.20,102.02,-57.96
16.03,22.20,102.02,-57.98
16.15,22.20,102.02,-57.90
16.27,22.20,102.02,-57.87
16.39,22.20,102.02,-57.91
16.51,22.20,102.02,-57.91
16.63,22.20,102.02,-57.86
16.75,22.20,102.02,-57.80
16.87,22.19,102.02,-57.79
17.00,22.20,102.02,-57.87
17.11,22.20,102.02,-57.90
17.23,22.20,102.02,-57.91
17.35,22.20,102.02,-57.88
17.47,22.20,102.02,-57.89
17.60,22.20,102.02,-57.91
17.71,22.20,102.02,-57.90
17.83,22.20,102.02,-57.89
17.95,22.19,102.02,-57.84
18.07,22.19,102.02,-57.89
18.20,22.20,102.02,-57.80
18.31,22.20,102.02,-57.86
18.43,22.19,102.02,-57.89
18.55,22.19,102.02,-57.88
18.67,22.19,102.02,-57.87
18.80,22.19,102.02,-57.80
18.92,22.19,102.02,-57.83
19.03,22.19,102.02,-57.86
19.15,22.19,102.02,-57.87
19.27,22.19,102.02,-57.90
19.40,22.20,102.02,-57.95
19.52,22.19,102.02,-57.91
19.64,22.20,102.02,-57.91
19.75,22.19,102.02,-57.98
19.87,22.20,102.02,-57.96
20.00,22.20,102.02,-57.95
20.12,22.20,102.02,-57.98
20.24,22.19,102.02,-57.98
20.35,22.19,102.02,-57.96
20.47,22.20,102.02,-57.88
20.60,22.19,102.02,-57.89
20.72,22.19,102.02,-57.95
20.84,22.19,102.02,-57.96
20.96,22.19,102.02,-57.90
21.07,22.19,102.02,-57.87
21.20,22.19,102.02,-57.87
21.32,22.19,102.02,-57.91
21.44,22.19,102.02,-58.00
21.56,22.19,102.02,-57.98
21.68,22.19,102.02,-58.01
21.80,22.19,102.02,-57.96
21.92,22.19,102.02,-57.92
22.04,22.19,102.02,-57.92
22.16,22.19,102.02,-57.87
22.28,22.19,102.02,-57.88
22.40,22.19,102.02,-57.91
22.52,22.19,102.02,-57.88
22.64,22.19,102.02,-57.88
22.76,22.19,102.02,-57.84
22.88,22.19,102.02,-57.85
23.01,22.20,102.02,-57.82
23.12,22.20,102.02,-57.78
23.24,22.20,102.02,-57.75
23.36,22.20,102.02,-57.78
23.48,22.20,102.02,-57.85
23.61,22.20,102.02,-57.81
23.72,22.20,102.02,-57.86
23.84,22.20,102.02,-57.90
23.96,22.19,102.02,-57.96
24.08,22.19,102.02,-57.89
24.21,22.19,102.02,-57.88
24.33,22.19,102.02,-57.89
24.44,22.19,102.02,-57.89
24.56,22.19,102.02,-57.87
24.68,22.19,102.02,-57.86
24.81,22.19,102.02,-57.87
24.93,22.19,102.02,-57.93
25.05,22.19,102.02,-57.91
25.16,22.19,102.02,-57.83
25.28,22.19,102.02,-57.79
25.41,22.19,102.02,-57.77
25.53,22.19,102.02,-57.73
25.65,22.19,102.02,-57.79
25.76,22.19,102.02,-57.81
25.88,22.19,102.02,-57.86
26.01,22.19,102.02,-57.91
26.13,22.19,102.02,-57.91
26.25,22.19,102.02,-57.88
26.36,22.19,102.02,-57.86
26.48,22.19,102.02,-57.87
26.61,22.19,102.02,-57.79
26.73,22.19,102.02,-57.84
26.85,22.19,102.02,-57.90
26.97,22.19,102.02,-57.82
27.08,22.19,102.02,-57.89
27.21,22.19,102.02,-57.90
27.33,22.19,102.02,-57.88
27.45,22.19,102.02,-57.88
27.57,22.19,102.02,-57.86
27.68,22.19,102.02,-57.87
27.81,22.19,102.02,-57.93
27.93,22.19,102.02,-57.92
28.05,22.19,102.02,-57.99
28.17,22.19,102.02,-57.97
28.29,22.19,102.02,-57.98
28.42,22.19,102.02,-57.98
28.53,22.19,102.02,-57.91
28.65,22.19,102.02,-57.90
28.77,22.19,102.02,-57.86
28.89,22.19,102.02,-57.81
29.02,22.19,102.02,-57.84
29.13,22.19,102.02,-57.87
29.25,22.19,102.02,-57.87
29.37,22.19,102.02,-57.83
29.49,22.19,102.02,-57.82
29.62,22.19,102.02,-57.88
29.73,22.19,102.02,-57.92
29.85,22.19,102.02,-57.88
29.97,22.19,102.02,-57.88
30.09,22.19,102.02,-57.96
30.22,22.19,102.02,-57.99
30.34,22.19,102.02,-57.97
30.45,22.19,102.02,-57.89
30.57,22.19,102.02,-57.86
30.69,22.19,102.02,-57.84
30.82,22.19,102.02,-57.84
30.94,22.19,102.02,-57.82
31.06,22.19,102.02,-57.85
31.17,22.19,102.02,-57.83
31.29,22.19,102.02,-57.88
31.42,22.19,102.02,-57.92
31.54,22.19,102.02,-57.93
31.66,22.19,102.02,-57.90
31.77,22.19,102.02,-57.92
31.89,22.19,102.02,-57.90
32.02,22.19,102.02,-57.92
32.14,22.19,102.02,-57.96
32.26,22.20,102.02,-57.88
32.38,22.19,102.02,-57.91
32.49,22.19,102.02,-57.95
32.62,22.20,102.02,-57.90
32.74,22.20,102.02,-57.88
32.86,22.19,102.02,-57.89
32.98,22.19,102.02,-57.88
33.10,22.19,102.02,-57.94
33.22,22.19,102.02,-57.91
33.34,22.19,102.02,-57.82
33.46,22.19,102.02,-57.85
33.58,22.19,102.02,-57.81
33.70,22.19,102.02,-57.82
33.83,22.19,102.02,-57.88
33.94,22.19,102.02,-57.90
34.06,22.19,102.02,-57.90
34.18,22.19,102.02,-57.83
34.30,22.19,102.02,-57.89
34.43,22.19,102.02,-57.84
34.54,22.19,102.02,-57.86
34.66,22.19,102.02,-57.87
34.78,22.19,102.02,-57.85
34.90,22.19,102.02,-57.85
35.03,22.19,102.02,-57.87
35.15,22.19,102.02,-57.91
35.26,22.19,102.02,-57.92
35.38,22.19,102.02,-57.95
35.50,22.19,102.02,-57.91
35.63,22.19,102.02,-57.86
35.75,22.19,102.02,-57.90
35.87,22.19,102.02,-57.92
35.98,22.19,102.02,-57.98
36.10,22.19,102.02,-58.00
36.23,22.19,102.02,-57.97
36.35,22.19,102.02,-57.93
36.47,22.19,102.02,-57.90
36.58,22.19,102.02,-57.91
36.70,22.19,102.02,-57.86
36.83,22.19,102.02,-57.83
36.95,22.19,102.02,-57.87
37.07,22.19,102.02,-57.84
37.19,22.19,102.02,-57.86
37.30,22.19,102.02,-57.89
37.43,22.19,102.02,-57.86
37.55,22.19,102.02,-57.88
37.67,22.19,102.02,-57.90
37.79,22.19,102.02,-57.86
37.90,22.19,102.02,-57.91
38.03,22.19,102.02,-57.89
38.15,22.19,102.02,-57.87
38.27,22.19,102.02,-57.83
38.39,22.19,102.02,-57.85
38.51,22.19,102.02,-57.88
38.63,22.19,102.02,-57.88
38.75,22.19,102.02,-57.83
38.87,22.19,102.02,-57.86
38.99,22.19,102.02,-57.86
39.11,22.19,102.02,-57.89
39.24,22.19,102.02,-57.80
39.35,22.19,102.02,-57.79
39.47,22.19,102.02,-57.78
39.59,22.19,102.02,-57.78
39.71,22.19,102.02,-57.81
39.84,22.19,102.02,-57.80
39.95,22.19,102.02,-57.79
40.07,22.19,102.02,-57.78
40.19,22.19,102.02,-57.75
40.31,22.19,102.02,-57.80
40.44,22.19,102.02,-57.81
40.56,22.19,102.02,-57.77
40.67,22.19,102.02,-57.76
40.79,22.19,102.02,-57.77
40.91,22.19,102.02,-57.80
41.04,22.19,102.02,-57.81
41.16,22.19,102.02,-57.86
41.28,22.19,102.02,-57.80
41.39,22.19,102.02,-57.83
41.51,22.19,102.02,-57.83
41.64,22.19,102.02,-57.84
41.76,22.19,102.02,-57.82
41.88,22.19,102.02,-57.85
41.99,22.19,102.02,-57.90
42.11,22.19,102.02,-57.84
42.24,22.19,102.02,-57.84
42.36,22.19,102.02,-57.83
42.48,22.19,102.02,-57.81
42.60,22.19,102.02,-57.79
42.71,22.19,102.02,-57.83
42.84,22.18,102.02,-57.81
42.96,22.18,102.02,-57.79
43.08,22.18,102.02,-57.79
43.20,22.18,102.02,-57.79
43.31,22.18,102.02,-57.79
43.44,22.18,102.02,-57.75
43.56,22.18,102.02,-57.75
43.68,22.18,102.02,-57.81
43.80,22.18,102.02,-57.85
43.92,22.18,102.02,-57.86
44.04,22.18,102.02,-57.84
44.16,22.19,102.02,-57.85
44.28,22.18,102.02,-57.84
44.40,22.19,102.02,-57.83
44.52,22.19,102.02,-57.82
44.65,22.19,102.02,-57.80
44.76,22.19,102.02,-57.83
44.88,22.19,102.02,-57.81
45.00,22.19,102.02,-57.81
45.12,22.19,102.02,-57.78
45.25,22.19,102.02,-57.74
45.36,22.19,102.02,-57.72
45.48,22.18,102.02,-57.82
45.60,22.19,102.02,-57.82
45.72,22.18,102.02,-57.81
45.85,22.18,102.02,-57.80
45.97,22.18,102.02,-57.78
46.08,22.18,102.02,-57.78
46.20,22.18,102.02,-57.77
46.32,22.18,102.02,-57.82
46.45,22.18,102.02,-57.87
46.57,22.18,102.02,-57.86
46.69,22.18,102.02,-57.91
46.80,22.18,102.02,-57.91
46.92,22.18,102.02,-57.87
47.05,22.18,102.02,-57.88
47.17,22.18,102.02,-57.88
47.29,22.18,102.02,-57.87
47.40,22.18,102.02,-57.90
47.52,22.18,102.02,-57.94
47.65,22.18,102.02,-57.95
47.77,22.18,102.02,-57.89
47.89,22.18,102.02,-57.88
48.01,22.18,102.02,-57.92
48.12,22.18,102.02,-57.96
48.25,22.18,102.02,-58.01
48.37,22.19,102.02,-57.96
48.49,22.18,102.02,-57.94
48.61,22.18,102.02,-58.03
48.72,22.19,102.02,-57.97
48.85,22.19,102.02,-58.02
48.97,22.19,102.02,-58.01
49.09,22.19,102.02,-57.96
49.21,22.18,102.02,-57.92
49.33,22.18,102.02,-57.93
49.45,22.18,102.02,-58.00
49.57,22.18,102.02,-58.00
49.69,22.18,102.02,-57.99
49.81,22.18,102.02,-58.05
49.93,22.18,102.02,-58.05
50.06,22.18,102.02,-57.98
50.17,22.18,102.02,-57.95
50.29,22.18,102.02,-57.99
50.41,22.18,102.02,-57.97
50.53,22.18,102.02,-58.02
50.66,22.18,102.02,-58.02
50.77,22.18,102.02,-58.05
50.89,22.18,102.02,-58.05
51.01,22.19,102.02,-58.09
51.13,22.19,102.02,-58.03
51.26,22.19,102.02,-57.99
51.38,22.19,102.02,-58.01
51.49,22.18,102.02,-57.98
51.61,22.18,102.02,-57.99
51.73,22.18,102.02,-57.92
51.86,22.18,102.02,-57.88
51.98,22.19,102.02,-57.84
52.09,22.18,102.02,-57.79
52.21,22.18,102.02,-57.91
52.33,22.18,102.02,-57.80
52.46,22.18,102.02,-57.82
52.58,22.18,102.02,-57.82
52.70,22.18,102.02,-57.82
52.81,22.18,102.02,-57.83
52.93,22.18,102.02,-57.93
53.06,22.18,102.02,-57.87
53.18,22.18,102.02,-57.90
53.30,22.18,102.02,-57.83
53.41,22.18,102.02,-57.86
53.53,22.18,102.02,-57.83
53.66,22.18,102.02,-57.80
53.78,22.18,102.02,-57.81
53.90,22.18,102.02,-57.80
54.02,22.18,102.02,-57.83
54.13,22.18,102.02,-57.84
54.26,22.18,102.02,-57.80
54.38,22.18,102.02,-57.74
54.50,22.18,102.02,-57.81
54.62,22.18,102.02,-57.81
54.74,22.18,102.02,-57.82
54.86,22.18,102.02,-57.80
54.98,22.18,102.02,-57.81
55.10,22.18,102.02,-57.75
55.22,22.18,102.02,-57.79
55.34,22.18,102.02,-57.81
55.46,22.18,102.02,-57.73
55.58,22.18,102.02,-57.78
55.70,22.18,102.02,-57.81
55.82,22.18,102.02,-57.74
55.94,22.18,102.02,-57.78
56.07,22.18,102.02,-57.77
56.18,22.18,102.02,-57.82
56.30,22.18,102.02,-57.78
56.42,22.18,102.02,-57.75
56.54,22.18,102.02,-57.79
56.67,22.18,102.02,-57.76
56.78,22.18,102.02,-57.74
56.90,22.18,102.02,-57.75
57.02,22.18,102.02,-57.68
57.14,22.18,102.02,-57.77
57.27,22.18,102.02,-57.70
57.38,22.19,102.02,-57.74
57.50,22.18,102.02,-57.82
57.62,22.18,102.02,-57.82
57.74,22.19,102.02,-57.74
57.87,22.19,102.02,-57.77
57.99,22.19,102.02,-57.82
58.11,22.19,102.02,-57.82
58.22,22.19,102.02,-57.76
58.34,22.19,102.02,-57.75
58.47,22.19,102.02,-57.73
58.59,22.19,102.02,-57.77
58.71,22.19,102.02,-57.88
58.82,22.19,102.02,-57.84
58.94,22.19,102.02,-57.89
59.07,22.18,102.02,-57.95
59.19,22.18,102.02,-57.90
59.31,22.18,102.02,-57.91
59.43,22.18,102.02,-57.87
59.54,22.18,102.02,-57.82
59.67,22.18,102.02,-57.82
59.79,22.18,102.02,-57.78
59.91,22.18,102.02,-57.77
60.03,22.18,102.02,-57.73
60.15,22.18,102.02,-57.78
60.27,22.18,102.02,-57.81
60.39,22.18,102.02,-57.74
60.51,22.18,102.02,-57.77
60.63,22.18,102.02,-57.69
60.75,22.18,102.02,-57.73
60.87,22.18,102.02,-57.78
60.99,22.18,102.02,-57.81
61.11,22.18,102.02,-57.82
61.23,22.18,102.02,-57.78
61.35,22.18,102.02,-57.81
61.47,22.18,102.02,-57.84
61.59,22.18,102.02,-57.81
61.71,22.18,102.02,-57.86
61.83,22.18,102.02,-57.84
61.95,22.18,102.02,-57.86
62.08,22.18,102.02,-57.91
62.19,22.18,102.02,-57.89
62.31,22.18,102.02,-57.87
62.43,22.18,102.02,-57.83
62.55,22.18,102.02,-57.79
62.68,22.18,102.02,-57.76
62.79,22.18,102.02,-57.74
62.91,22.18,102.02,-57.76
63.03,22.18,102.02,-57.72
63.15,22.18,102.02,-57.76
63.28,22.18,102.02,-57.77
63.40,22.18,102.02,-57.83
63.52,22.18,102.02,-57.81
63.63,22.18,102.02,-57.87
63.75,22.18,102.02,-57.78
63.88,22.18,102.02,-57.86
64.00,22.18,102.02,-57.84
64.12,22.18,102.02,-57.86
64.23,22.18,102.02,-57.84
64.35,22.18,102.02,-57.87
64.48,22.18,102.02,-57.92
64.60,22.18,102.02,-57.97
64.72,22.18,102.02,-57.93
64.83,22.18,102.02,-57.93
64.95,22.18,102.02,-57.96
65.08,22.18,102.02,-57.96
65.20,22.18,102.02,-57.95
65.32,22.18,102.02,-57.89
65.44,22.18,102.02,-57.92
65.55,22.18,102.02,-57.92
65.68,22.18,102.02,-57.91
65.80,22.18,102.02,-57.93
65.92,22.18,102.02,-57.85
66.04,22.18,102.02,-57.87
66.16,22.18,102.02,-57.88
66.28,22.17,102.02,-57.85
66.40,22.17,102.02,-57.88
66.52,22.17,102.02,-57.84
66.64,22.17,102.02,-57.78
66.76,22.18,102.02,-57.81
66.88,22.18,102.02,-57.82
67.00,22.18,102.02,-57.82
67.12,22.18,102.02,-57.90
67.24,22.18,102.02,-57.86
67.36,22.18,102.02,-57.80
67.49,22.18,102.02,-57.80
67.60,22.18,102.02,-57.75
67.72,22.18,102.02,-57.73
67.84,22.18,102.02,-57.74
67.96,22.18,102.02,-57.81
68.09,22.18,102.02,-57.84
68.20,22.18,102.02,-57.83
68.32,22.18,102.02,-57.84
68.44,22.18,102.02,-57.87
68.56,22.18,102.02,-57.84
68.69,22.18,102.02,-57.79
68.81,22.18,102.02,-57.79
68.93,22.18,102.02,-57.80
69.04,22.18,102.02,-57.74
69.16,22.18,102.02,-57.72
69.29,22.18,102.02,-57.76
69.41,22.18,102.02,-57.85
69.53,22.18,102.02,-57.83
69.64,22.18,102.02,-57.83
69.76,22.18,102.02,-57.96
69.89,22.18,102.02,-57.92
70.01,22.18,102.02,-57.90
70.13,22.18,102.02,-57.84
70.25,22.18,102.02,-57.80
70.36,22.17,102.02,-57.79
70.49,22.17,102.02,-57.78
70.61,22.17,102.02,-57.70
70.73,22.17,102.02,-57.70
70.85,22.17,102.02,-57.71
70.96,22.17,102.02,-57.70
71.09,22.17,102.02,-57.68
71.21,22.17,102.02,-57.69
71.33,22.17,102.02,-57.74
71.45,22.17,102.02,-57.74
71.57,22.17,102.02,-57.74
71.69,22.17,102.02,-57.71
71.81,22.17,102.02,-57.80
71.93,22.17,102.02,-57.81
72.05,22.17,102.02,-57.73
72.17,22.17,102.02,-57.80
72.29,22.17,102.02,-57.87
72.41,22.17,102.02,-57.88
72.53,22.17,102.02,-57.90
72.65,22.17,102.02,-57.95
72.77,22.17,102.02,-57.96
72.90,22.17,102.02,-57.90
73.01,22.17,102.02,-57.89
73.13,22.17,102.02,-57.83
73.25,22.17,102.02,-57.87
73.37,22.17,102.02,-57.81
73.50,22.17,102.02,-57.79
73.61,22.17,102.02,-57.83
73.73,22.17,102.02,-57.86
73.85,22.17,102.02,-57.83
73.97,22.17,102.02,-57.78
74.10,22.17,102.02,-57.82
74.22,22.17,102.02,-57.79
74.33,22.17,102.02,-57.83
74.45,22.17,102.02,-57.91
74.57,22.17,102.02,-57.89
74.70,22.17,102.02,-57.96
74.82,22.17,102.02,-57.93
74.94,22.17,102.02,-57.88
75.05,22.17,102.02,-57.83
75.17,22.17,102.02,-57.83
75.30,22.17,102.02,-57.89
75.42,22.17,102.02,-57.88
75.54,22.17,102.02,-57.82
75.65,22.17,102.02,-57.89
75.77,22.17,102.02,-57.81
75.90,22.17,102.02,-57.90
76.02,22.17,102.02,-57.91
76.14,22.17,102.02,-57.90
76.26,22.17,102.02,-57.91
76.37,22.17,102.02,-57.88
76.50,22.17,102.02,-57.90
76.62,22.17,102.02,-57.86
76.74,22.17,102.02,-57.87
76.86,22.17,102.02,-57.85
76.98,22.17,102.02,-57.84
77.10,22.17,102.02,-57.82
77.22,22.17,102.02,-57.88
77.34,22.17,102.02,-57.81
77.46,22.17,102.02,-57.82
77.58,22.17,102.02,-57.81
77.70,22.17,102.02,-57.84
77.82,22.17,102.02,-57.83
77.94,22.17,102.02,-57.83
78.06,22.17,102.02,-57.84
78.18,22.16,102.02,-57.82
78.31,22.16,102.02,-57.84
78.42,22.16,102.02,-57.87
78.54,22.17,102.02,-57.86
78.66,22.17,102.02,-57.83
78.78,22.16,102.02,-57.82
78.91,22.16,102.02,-57.87
79.02,22.16,102.02,-57.84
79.14,22.16,102.02,-57.81
79.26,22.16,102.02,-57.84
79.38,22.16,102.02,-57.88
79.51,22.16,102.02,-57.93
79.63,22.17,102.02,-57.87
79.75,22.17,102.02,-57.90
79.86,22.17,102.02,-57.86
79.98,22.17,102.02,-57.87
80.11,22.17,102.02,-57.80
80.23,22.17,102.02,-57.78
80.35,22.17,102.02,-57.81
80.46,22.17,102.02,-57.77
80.58,22.17,102.02,-57.72
80.71,22.17,102.02,-57.78
80.83,22.17,102.02,-57.82
80.95,22.17,102.02,-57.80
81.06,22.17,102.02,-57.81
81.18,22.16,102.02,-57.80
81.31,22.16,102.02,-57.77
81.43,22.16,102.02,-57.73
81.55,22.16,102.02,-57.75
81.67,22.16,102.02,-57.78
81.78,22.16,102.02,-57.77
81.91,22.16,102.02,-57.77
82.03,22.16,102.02,-57.76
82.15,22.16,102.02,-57.83
82.27,22.16,102.02,-57.83
82.38,22.16,102.02,-57.79
82.51,22.16,102.02,-57.73
82.63,22.16,102.02,-57.71
82.75,22.16,102.02,-57.70
82.87,22.16,102.02,-57.75
82.99,22.16,102.02,-57.77
83.11,22.16,102.02,-57.75
83.23,22.16,102.02,-57.71
83.35,22.16,102.02,-57.78
83.47,22.16,102.02,-57.78
83.59,22.16,102.02,-57.78
83.72,22.16,102.02,-57.71
83.83,22.16,102.02,-57.68
83.95,22.16,102.02,-57.68
84.07,22.16,102.02,-57.73
84.19,22.16,102.02,-57.71
84.32,22.16,102.02,-57.81
84.43,22.16,102.02,-57.81
84.55,22.16,102.02,-57.77
84.67,22.16,102.02,-57.73
84.79,22.16,102.02,-57.67
84.92,22.16,102.02,-57.76
85.04,22.16,102.02,-57.71
85.15,22.16,102.02,-57.73
85.27,22.16,102.02,-57.73
85.39,22.16,102.02,-57.72
85.52,22.16,102.02,-57.76
85.64,22.16,102.02,-57.74
85.75,22.16,102.02,-57.74
85.87,22.16,102.02,-57.75
85.99,22.16,102.02,-57.83
86.12,22.16,102.02,-57.78
86.24,22.16,102.02,-57.82
86.36,22.16,102.02,-57.79
86.47,22.16,102.02,-57.78
86.59,22.16,102.02,-57.74
86.72,22.16,102.02,-57.82
86.84,22.16,102.02,-57.78
86.96,22.16,102.02,-57.69
87.07,22.16,102.02,-57.69
87.19,22.16,102.02,-57.70
87.32,22.16,102.02,-57.75
87.44,22.16,102.02,-57.70
87.56,22.16,102.02,-57.67
87.68,22.16,102.02,-57.70
87.79,22.16,102.02,-57.77
87.92,22.16,102.02,-57.77
88.04,22.16,102.02,-57.77
88.16,22.16,102.02,-57.84
88.28,22.16,102.02,-57.82
88.40,22.16,102.02,-57.80
88.52,22.16,102.02,-57.77
88.64,22.16,102.02,-57.85
88.76,22.16,102.02,-57.83
88.88,22.16,102.02,-57.81
89.00,22.16,102.02,-57.81
89.12,22.16,102.02,-57.82
89.24,22.16,102.02,-57.81
89.36,22.16,102.02,-57.79
89.48,22.16,102.02,-57.83
89.60,22.16,102.02,-57.83
89.73,22.16,102.02,-57.80
89.84,22.16,102.02,-57.74
89.96,22.16,102.02,-57.79
90.08,22.16,102.02,-57.78
90.20,22.16,102.02,-57.80
90.33,22.15,102.02,-57.74
90.44,22.15,102.02,-57.78
90.56,22.15,102.02,-57.75
90.68,22.15,102.02,-57.75
90.80,22.15,102.02,-57.74
90.93,22.15,102.02,-57.74
91.05,22.15,102.02,-57.78
91.16,22.15,102.02,-57.83
91.28,22.15,102.02,-57.79
91.40,22.15,102.02,-57.77
91.53,22.15,102.02,-57.72
91.65,22.15,102.02,-57.76
91.77,22.15,102.02,-57.78
91.88,22.15,102.02,-57.75
92.00,22.15,102.02,-57.71
92.13,22.15,102.02,-57.70
92.25,22.15,102.02,-57.69
92.37,22.15,102.02,-57.68
92.48,22.15,102.02,-57.80
92.60,22.15,102.02,-57.82
92.73,22.15,102.02,-57.75
92.85,22.15,102.02,-57.78
92.97,22.15,102.02,-57.79
93.09,22.15,102.02,-57.72
93.20,22.15,102.02,-57.75
93.33,22.15,102.02,-57.73
93.45,22.15,102.02,-57.75
93.57,22.15,102.02,-57.79
93.69,22.15,102.02,-57.78
93.81,22.15,102.02,-57.69
93.93,22.15,102.02,-57.71
94.05,22.15,102.02,-57.74
94.17,22.15,102.02,-57.75
94.29,22.15,102.02,-57.72
94.41,22.15,102.02,-57.65
94.54,22.15,102.02,-57.66
94.65,22.15,102.02,-57.64
94.77,22.15,102.02,-57.69
94.89,22.15,102.02,-57.68
95.01,22.15,102.02,-57.69
95.14,22.15,102.02,-57.60
95.25,22.15,102.02,-57.65
95.37,22.15,102.02,-57.68
95.49,22.15,102.02,-57.72
95.61,22.15,102.02,-57.71
95.74,22.15,102.02,-57.72
95.86,22.15,102.02,-57.74
95.97,22.15,102.02,-57.71
96.09,22.15,102.02,-57.73
96.21,22.15,102.02,-57.67
96.34,22.15,102.02,-57.71
96.46,22.15,102.02,-57.71
96.57,22.15,102.02,-57.66
96.69,22.15,102.02,-57.70
96.81,22.15,102.02,-57.68
96.94,22.15,102.02,-57.67
97.06,22.15,102.02,-57.68
97.18,22.15,102.02,-57.65
97.29,22.15,102.02,-57.67
97.41,22.15,102.02,-57.71
97.54,22.15,102.02,-57.69
97.66,22.15,102.02,-57.69
97.78,22.15,102.02,-57.66
97.90,22.15,102.02,-57.74
98.01,22.15,102.02,-57.80
98.14,22.15,102.02,-57.88
98.26,22.15,102.02,-57.80
98.38,22.15,102.02,-57.80
98.50,22.15,102.02,-57.74
98.62,22.15,102.02,-57.75
98.74,22.15,102.02,-57.77
98.86,22.15,102.02,-57.74
98.98,22.15,102.02,-57.78
99.10,22.15,102.02,-57.78
99.22,22.15,102.02,-57.77
99.34,22.15,102.02,-57.70
99.46,22.15,102.02,-57.79
99.58,22.15,102.02,-57.76
99.70,22.15,102.02,-57.77
99.82,22.14,102.02,-57.71
99.95,22.14,102.02,-57.64
100.06,22.14,102.02,-57.63
100.18,22.14,102.02,-57.65
100.30,22.14,102.02,-57.59
100.42,22.14,102.02,-57.62
100.55,22.14,102.02,-57.58
100.67,22.14,102.02,-57.61
100.79,22.14,102.02,-57.56
100.90,22.14,102.02,-57.60
101.02,22.14,102.02,-57.57
101.15,22.14,102.02,-57.57
101.27,22.15,102.02,-57.60
101.39,22.15,102.02,-57.60
101.50,22.15,102.02,-57.66
101.62,22.15,102.02,-57.62
101.75,22.15,102.02,-57.62
101.87,22.15,102.02,-57.62
101.99,22.14,102.02,-57.59
102.11,22.14,102.02,-57.65
102.22,22.14,102.02,-57.71
102.35,22.14,102.02,-57.69
102.47,22.14,102.02,-57.69
102.59,22.14,102.02,-57.67
102.71,22.14,102.02,-57.67
102.82,22.14,102.02,-57.68
102.95,22.14,102.02,-57.78
103.07,22.14,102.02,-57.78
103.19,22.14,102.02,-57.78
103.31,22.14,102.02,-57.72
103.43,22.14,102.02,-57.70
103.56,22.14,102.02,-57.79
103.67,22.14,102.02,-57.75
103.79,22.14,102.02,-57.70
103.91,22.14,102.02,-57.71
104.03,22.14,102.02,-57.72
104.16,22.14,102.02,-57.68
104.27,22.14,102.02,-57.65
104.39,22.14,102.02,-57.70
104.51,22.14,102.02,-57.66
104.63,22.14,102.02,-57.63
104.76,22.14,102.02,-57.71
104.88,22.14,102.02,-57.73
105.00,22.14,102.02,-57.75
105.11,22.14,102.02,-57.81
105.23,22.14,102.02,-57.81
105.36,22.14,102.02,-57.82
105.48,22.14,102.02,-57.83
105.60,22.14,102.02,-57.79
105.71,22.14,102.02,-57.85
105.83,22.14,102.02,-57.87
105.96,22.14,102.02,-57.83
106.08,22.14,102.02,-57.83
106.20,22.14,102.02,-57.77
106.32,22.14,102.02,-57.82
106.43,22.14,102.02,-57.84
106.56,22.14,102.02,-57.87
106.68,22.14,102.02,-57.80
106.80,22.14,102.02,-57.84
106.92,22.14,102.02,-57.87
107.04,22.14,102.02,-57.84
107.16,22.14,102.02,-57.86
107.28,22.14,102.02,-57.81
107.40,22.14,102.02,-57.81
107.52,22.14,102.02,-57.77
107.64,22.14,102.02,-57.74
107.77,22.14,102.02,-57.74
107.88,22.14,102.02,-57.71
108.00,22.14,102.02,-57.75
108.12,22.14,102.02,-57.83
108.24,22.14,102.02,-57.83
108.37,22.14,102.02,-57.79
108.49,22.14,102.02,-57.81
108.60,22.14,102.02,-57.77
108.72,22.14,102.02,-57.78
108.84,22.14,102.02,-57.79
108.97,22.14,102.02,-57.76
109.09,22.14,102.02,-57.73
109.21,22.14,102.02,-57.77
109.32,22.14,102.02,-57.71
109.44,22.14,102.02,-57.68
109.57,22.14,102.02,-57.68
109.69,22.14,102.02,-57.60
109.81,22.14,102.02,-57.58
109.93,22.14,102.02,-57.58
110.04,22.14,102.02,-57.60
110.17,22.14,102.02,-57.60
110.29,22.14,102.02,-57.62
110.41,22.14,102.02,-57.65
110.53,22.14,102.02,-57.74
110.64,22.14,102.02,-57.71
110.77,22.14,102.02,-57.74
110.89,22.14,102.02,-57.83
111.01,22.14,102.02,-57.86
111.13,22.14,102.02,-57.79
111.25,22.14,102.02,-57.75
111.37,22.14,102.02,-57.69
111.49,22.14,102.02,-57.73
111.61,22.14,102.02,-57.73
111.73,22.14,102.02,-57.80
111.85,22.14,102.02,-57.78
111.98,22.14,102.02,-57.78
112.09,22.14,102.02,-57.78
112.21,22.14,102.02,-57.80
112.33,22.14,102.02,-57.79
112.45,22.14,102.02,-57.80
112.58,22.14,102.02,-57.81
112.70,22.14,102.02,-57.74
112.81,22.14,102.02,-57.71
112.93,22.14,102.02,-57.77
113.05,22.14,102.02,-57.73
113.18,22.14,102.02,-57.74
113.30,22.14,102.02,-57.73
113.42,22.14,102.02,-57.73
113.53,22.14,102.02,-57.75
113.65,22.14,102.02,-57.80
113.78,22.14,102.02,-57.77
113.90,22.14,102.02,-57.75
114.02,22.14,102.02,-57.71
114.14,22.14,102.02,-57.75
114.25,22.14,102.02,-57.72
114.38,22.14,102.02,-57.71
114.50,22.14,102.02,-57.68
114.62,22.14,102.02,-57.65
114.74,22.14,102.02,-57.67
114.86,22.14,102.02,-57.68
114.98,22.14,102.02,-57.70
115.10,22.14,102.02,-57.68
115.22,22.14,102.02,-57.66
115.34,22.14,102.02,-57.75
115.46,22.14,102.02,-57.77
115.59,22.14,102.02,-57.70
115.70,22.14,102.02,-57.64
115.82,22.14,102.02,-57.73
115.94,22.14,102.02,-57.75
116.06,22.14,102.02,-57.73
116.19,22.14,102.02,-57.68
116.30,22.14,102.02,-57.72
116.42,22.14,102.02,-57.72
116.54,22.13,102.02,-57.71
116.66,22.14,102.02,-57.69
116.79,22.14,102.02,-57.68
116.91,22.14,102.02,-57.66
117.02,22.14,102.02,-57.65
117.14,22.14,102.02,-57.64
117.26,22.14,102.02,-57.69
117.39,22.14,102.02,-57.63
117.51,22.14,102.02,-57.64
117.63,22.14,102.02,-57.64
117.75,22.14,102.02,-57.68
117.86,22.14,102.02,-57.72
117.99,22.14,102.02,-57.68
118.11,22.14,102.02,-57.73
118.23,22.14,102.02,-57.71
118.35,22.14,102.02,-57.74
118.46,22.14,102.02,-57.82
118.59,22.14,102.02,-57.87
118.71,22.14,102.02,-57.84
118.83,22.14,102.02,-57.80
118.95,22.14,102.02,-57.79
119.07,22.14,102.02,-57.86
119.19,22.14,102.02,-57.88
119.31,22.14,102.02,-57.84
119.43,22.14,102.02,-57.82
119.55,22.14,102.02,-57.89
119.67,22.14,102.02,-57.89
119.80,22.14,102.02,-57.88
119.91,22.14,102.02,-57.85
120.03,22.14,102.02,-57.88
120.15,22.14,102.02,-57.95
120.27,22.14,102.02,-57.95
120.40,22.14,102.02,-57.88
120.52,22.14,102.02,-57.92
120.63,22.14,102.02,-57.84
120.75,22.14,102.02,-57.84
120.87,22.14,102.02,-57.93
121.00,22.14,102.02,-57.95
121.12,22.14,102.02,-57.94
121.24,22.14,102.02,-57.92
121.35,22.14,102.02,-57.87
121.47,22.14,102.02,-57.87
121.60,22.14,102.02,-57.86
121.72,22.14,102.02,-57.86
121.84,22.14,102.02,-57.80
121.96,22.14,102.02,-57.76
122.07,22.14,102.02,-57.70
122.20,22.14,102.02,-57.73
122.32,22.14,102.02,-57.72
122.44,22.14,102.02,-57.74
122.56,22.14,102.02,-57.69
122.68,22.14,102.02,-57.72
122.80,22.14,102.02,-57.78
122.92,22.14,102.02,-57.71
123.04,22.14,102.02,-57.63
123.16,22.14,102.02,-57.65
123.28,22.14,102.02,-57.74
123.41,22.14,102.02,-57.74
123.52,22.14,102.02,-57.70
123.64,22.14,102.02,-57.69
123.76,22.14,102.02,-57.66
123.88,22.14,102.02,-57.73
124.01,22.14,102.02,-57.73
124.12,22.14,102.02,-57.80
124.24,22.14,102.02,-57.81
124.36,22.14,102.02,-57.79
124.48,22.14,102.02,-57.79
124.61,22.14,102.02,-57.73
124.73,22.14,102.02,-57.73
124.84,22.14,102.02,-57.78
124.96,22.14,102.02,-57.68
125.08,22.14,102.02,-57.75
125.21,22.14,102.02,-57.72
125.33,22.14,102.02,-57.62
125.45,22.14,102.02,-57.64
125.56,22.14,102.02,-57.74
125.68,22.14,102.02,-57.76
125.81,22.14,102.02,-57.72
125.93,22.14,102.02,-57.69
126.05,22.14,102.02,-57.71
126.17,22.14,102.02,-57.72
126.28,22.14,102.02,-57.69
126.41,22.14,102.02,-57.70
126.53,22.14,102.02,-57.73
126.65,22.14,102.02,-57.75
126.77,22.14,102.02,-57.78
126.88,22.14,102.02,-57.76
127.01,22.14,102.02,-57.73
127.13,22.14,102.02,-57.65
127.25,22.14,102.02,-57.65
127.37,22.14,102.02,-57.63
127.49,22.14,102.02,-57.69
127.62,22.14,102.02,-57.68
127.73,22.14,102.02,-57.71
127.85,22.14,102.02,-57.75
127.97,22.14,102.02,-57.76
128.09,22.14,102.02,-57.79
128.22,22.14,102.02,-57.75
128.34,22.14,102.02,-57.75
128.45,22.14,102.02,-57.74
128.57,22.14,102.02,-57.69
128.69,22.14,102.02,-57.68
128.82,22.14,102.02,-57.68
128.94,22.14,102.02,-57.68
129.05,22.14,102.02,-57.62
129.17,22.14,102.02,-57.58
129.29,22.14,102.02,-57.59
129.42,22.14,102.02,-57.58
129.54,22.14,102.02,-57.64
129.66,22.14,102.02,-57.78
129.77,22.14,102.02,-57.79
129.89,22.14,102.02,-57.77
130.02,22.14,102.02,-57.75
130.14,22.14,102.02,-57.77
130.26,22.14,102.02,-57.81
130.38,22.14,102.02,-57.82
130.50,22.14,102.02,-57.84
130.62,22.14,102.02,-57.77
130.74,22.14,102.02,-57.82
130.86,22.14,102.02,-57.82
130.98,22.14,102.02,-57.78
131.10,22.14,102.02,-57.75
131.23,22.14,102.02,-57.78
131.34,22.14,102.02,-57.77
131.46,22.14,102.02,-57.75
131.58,22.14,102.02,-57.72
131.70,22.14,102.02,-57.75
131.83,22.14,102.02,-57.69
131.95,22.13,102.02,-57.69
132.06,22.13,102.02,-57.73
132.18,22.13,102.02,-57.74
132.30,22.13,102.02,-57.78
132.43,22.13,102.02,-57.79
132.55,22.13,102.02,-57.75
132.66,22.13,102.02,-57.71
132.78,22.13,102.02,-57.73
132.90,22.14,102.02,-57.77
133.03,22.14,102.02,-57.74
133.15,22.14,102.02,-57.64
133.27,22.13,102.02,-57.62
133.38,22.13,102.02,-57.66
133.50,22.13,102.02,-57.71
133.63,22.14,102.02,-57.73
133.75,22.14,102.02,-57.70
133.87,22.14,102.02,-57.75
133.99,22.14,102.02,-57.76
134.10,22.13,102.02,-57.71
134.23,22.13,102.02,-57.72
134.35,22.13,102.02,-57.78
134.47,22.13,102.02,-57.83
134.59,22.13,102.02,-57.87
134.71,22.13,102.02,-57.82
134.83,22.13,102.02,-57.83
134.95,22.13,102.02,-57.81
135.07,22.13,102.02,-57.84
135.19,22.13,102.02,-57.89
135.31,22.13,102.02,-57.86
135.44,22.13,102.02,-57.83
135.55,22.13,102.02,-57.77
135.67,22.13,102.02,-57.75
135.79,22.13,102.02,-57.82
135.91,22.13,102.02,-57.88
136.04,22.13,102.02,-57.83
136.16,22.14,102.02,-57.88
136.27,22.14,102.02,-57.89
136.39,22.14,102.02,-57.85
136.51,22.14,102.02,-57.77
136.64,22.14,102.02,-57.77
136.76,22.14,102.02,-57.78
136.88,22.13,102.02,-57.83
136.99,22.13,102.02,-57.81
137.11,22.13,102.02,-57.86
137.24,22.13,102.02,-57.88
137.36,22.13,102.02,-57.91
137.48,22.14,102.02,-57.93
137.59,22.13,102.02,-57.90
137.71,22.13,102.02,-57.90
137.84,22.14,102.02,-57.83
137.96,22.14,102.02,-57.84
138.08,22.13,102.02,-57.82
138.20,22.13,102.02,-57.82
138.31,22.13,102.02,-57.86
138.44,22.13,102.02,-57.85
138.56,22.13,102.02,-57.87
138.68,22.13,102.02,-57.83
138.80,22.13,102.02,-57.86
138.92,22.13,102.02,-57.91
139.04,22.13,102.02,-57.93
139.16,22.13,102.02,-57.86
139.28,22.13,102.02,-57.83
139.40,22.13,102.02,-57.74
139.52,22.13,102.02,-57.71
139.65,22.13,102.02,-57.75
139.76,22.13,102.02,-57.74
139.88,22.13,102.02,-57.77
140.00,22.13,102.02,-57.77
140.12,22.13,102.02,-57.74
140.25,22.13,102.02,-57.72
140.37,22.14,102.02,-57.83
140.48,22.14,102.02,-57.83
140.60,22.14,102.02,-57.86
140.72,22.14,102.02,-57.78
140.85,22.14,102.02,-57.73
140.97,22.14,102.02,-57.74
141.09,22.14,102.02,-57.74
141.20,22.14,102.02,-57.70
141.32,22.14,102.02,-57.80
141.45,22.14,102.02,-57.77
141.57,22.14,102.02,-57.78
141.69,22.14,102.02,-57.78
141.80,22.14,102.02,-57.82
141.92,22.14,102.02,-57.82
142.05,22.14,102.02,-57.83
142.17,22.14,102.02,-57.84
142.29,22.14,102.02,-57.78
142.41,22.14,102.02,-57.72
142.52,22.14,102.02,-57.73
142.65,22.14,102.02,-57.74
142.77,22.14,102.02,-57.69
142.89,22.14,102.02,-57.69
143.01,22.14,102.02,-57.74
143.13,22.14,102.02,-57.82
143.26,22.14,102.02,-57.81
143.37,22.14,102.02,-57.82
143.49,22.14,102.02,-57.79
143.61,22.14,102.02,-57.79
143.73,22.14,102.02,-57.82
143.86,22.14,102.02,-57.78
143.98,22.14,102.02,-57.75
144.09,22.14,102.02,-57.70
144.21,22.14,102.02,-57.71
144.33,22.14,102.02,-57.74
144.46,22.14,102.02,-57.76
144.58,22.14,102.02,-57.72
144.70,22.13,102.02,-57.74
144.81,22.13,102.02,-57.66
144.93,22.13,102.02,-57.64
145.06,22.13,102.02,-57.74
145.18,22.13,102.02,-57.77
145.30,22.13,102.02,-57.75
145.41,22.13,102.02,-57.70
145.53,22.14,102.02,-57.80
145.66,22.14,102.02,-57.78
145.78,22.14,102.02,-57.76
145.90,22.14,102.02,-57.78
146.02,22.14,102.02,-57.75
146.13,22.13,102.02,-57.79
146.26,22.14,102.02,-57.83
146.38,22.14,102.02,-57.76
146.50,22.14,102.02,-57.77
146.62,22.14,102.02,-57.73
146.74,22.14,102.02,-57.71
146.87,22.14,102.02,-57.73
146.98,22.14,102.02,-57.66
147.10,22.14,102.02,-57.64
147.22,22.14,102.02,-57.62
147.34,22.14,102.02,-57.71
147.47,22.14,102.02,-57.73
147.59,22.14,102.02,-57.74
147.70,22.14,102.02,-57.72
147.82,22.13,102.02,-57.73
147.94,22.13,102.02,-57.69
148.07,22.13,102.02,-57.68
148.19,22.13,102.02,-57.69
148.30,22.13,102.02,-57.68
148.42,22.13,102.02,-57.68
148.54,22.13,102.02,-57.64
148.67,22.13,102.02,-57.70
148.79,22.13,102.02,-57.73
148.91,22.13,102.02,-57.68
149.02,22.13,102.02,-57.71
149.14,22.13,102.02,-57.70
149.27,22.13,102.02,-57.75
149.39,22.13,102.02,-57.65
149.51,22.13,102.02,-57.68
149.63,22.13,102.02,-57.69
149.74,22.13,102.02,-57.63
149.87,22.13,102.02,-57.69
149.99,22.13,102.02,-57.74
150.11,22.13,102.02,-57.82
150.23,22.13,102.02,-57.76
150.35,22.13,102.02,-57.71
150.47,22.13,102.02,-57.67
150.59,22.13,102.02,-57.65
150.71,22.13,102.02,-57.66
150.83,22.13,102.02,-57.77
150.95,22.13,102.02,-57.73
151.08,22.13,102.02,-57.74
151.19,22.13,102.02,-57.68
151.31,22.13,102.02,-57.69
151.43,22.13,102.02,-57.68
151.55,22.13,102.02,-57.71
151.68,22.13,102.02,-57.72
151.79,22.13,102.02,-57.75
151.91,22.13,102.02,-57.76
152.03,22.13,102.02,-57.75
152.15,22.13,102.02,-57.68
152.28,22.13,102.02,-57.63
152.40,22.13,102.02,-57.61
152.51,22.13,102.02,-57.63
152.63,22.13,102.02,-57.60
152.75,22.13,102.02,-57.60
152.88,22.13,102.02,-57.59
153.00,22.13,102.02,-57.57
153.12,22.13,102.02,-57.62
153.23,22.13,102.02,-57.63
153.35,22.13,102.02,-57.68
153.48,22.13,102.02,-57.71
153.60,22.13,102.02,-57.73
153.72,22.13,102.02,-57.72
153.84,22.13,102.02,-57.73
153.95,22.13,102.02,-57.73
154.08,22.13,102.02,-57.70
154.20,22.13,102.02,-57.72
154.32,22.13,102.02,-57.70
154.44,22.13,102.02,-57.73
154.55,22.13,102.02,-57.74
154.68,22.13,102.02,-57.73
154.80,22.13,102.02,-57.70
154.92,22.13,102.02,-57.77
155.04,22.13,102.02,-57.70
155.16,22.13,102.02,-57.80
155.29,22.13,102.02,-57.73
155.40,22.13,102.02,-57.77
155.52,22.13,102.02,-57.75
155.64,22.13,102.02,-57.71
155.76,22.13,102.02,-57.79
155.89,22.13,102.02,-57.71
156.01,22.13,102.02,-57.73
156.12,22.13,102.02,-57.74
156.24,22.13,102.02,-57.72
156.36,22.13,102.02,-57.64
156.49,22.13,102.02,-57.64
156.61,22.13,102.02,-57.65
156.73,22.13,102.02,-57.61
156.84,22.13,102.02,-57.59
156.96,22.13,102.02,-57.54
157.09,22.13,102.02,-57.55
157.21,22.13,102.02,-57.58
157.33,22.13,102.02,-57.60
157.45,22.13,102.02,-57.61
157.56,22.13,102.02,-57.59
157.69,22.13,102.02,-57.65
157.81,22.13,102.02,-57.59
157.93,22.13,102.02,-57.65
158.05,22.13,102.02,-57.65
158.16,22.13,102.02,-57.66
158.29,22.12,102.02,-57.66
158.41,22.12,102.02,-57.60
158.53,22.12,102.02,-57.60
158.65,22.12,102.02,-57.53
158.77,22.12,102.02,-57.60
158.90,22.12,102.02,-57.57
159.01,22.12,102.02,-57.65
159.13,22.12,102.02,-57.72
159.25,22.12,102.02,-57.74
159.37,22.12,102.02,-57.70
159.50,22.12,102.02,-57.67
159.61,22.13,102.02,-57.70
159.73,22.13,102.02,-57.61
159.85,22.12,102.02,-57.62
159.97,22.12,102.02,-57.62
160.10,22.12,102.02,-57.67
160.22,22.12,102.02,-57.69
160.33,22.12,102.02,-57.62
160.45,22.12,102.02,-57.68
160.57,22.13,102.02,-57.65
160.70,22.13,102.02,-57.65
160.82,22.13,102.02,-57.62
160.94,22.13,102.02,-57.61
161.05,22.13,102.02,-57.57
161.17,22.13,102.02,-57.54
161.30,22.13,102.02,-57.56
161.42,22.13,102.02,-57.56
161.54,22.13,102.02,-57.55
161.66,22.13,102.02,-57.55
161.77,22.13,102.02,-57.54
161.90,22.13,102.02,-57.53
162.02,22.13,102.02,-57.58
162.14,22.12,102.02,-57.53
162.26,22.12,102.02,-57.57
162.38,22.12,102.02,-57.54
162.50,22.12,102.02,-57.57
162.62,22.12,102.02,-57.59
162.74,22.12,102.02,-57.66
162.86,22.12,102.02,-57.70
162.98,22.12,102.02,-57.66
163.11,22.12,102.02,-57.69
163.22,22.12,102.02,-57.72
163.34,22.12,102.02,-57.73
163.46,22.12,102.02,-57.73
163.58,22.12,102.02,-57.73
163.71,22.12,102.02,-57.71
163.83,22.13,102.02,-57.70
163.94,22.12,102.02,-57.73
164.06,22.12,102.02,-57.73
164.18,22.12,102.02,-57.74
164.31,22.12,102.02,-57.69
164.43,22.12,102.02,-57.71
164.55,22.12,102.02,-57.71
164.66,22.12,102.02,-57.67
164.78,22.12,102.02,-57.66
164.91,22.12,102.02,-57.76
165.03,22.12,102.02,-57.76
165.15,22.12,102.02,-57.69
165.26,22.12,102.02,-57.71
165.38,22.12,102.02,-57.63
165.51,22.12,102.02,-57.72
165.63,22.12,102.02,-57.67
165.75,22.12,102.02,-57.65
165.87,22.12,102.02,-57.70
165.98,22.12,102.02,-57.77
166.11,22.13,102.02,-57.71
166.23,22.13,102.02,-57.74
166.35,22.13,102.02,-57.72
166.47,22.13,102.02,-57.71
166.59,22.13,102.02,-57.74
166.71,22.14,102.02,-57.72
166.83,22.14,102.02,-57.75
166.95,22.14,102.02,-57.74
167.07,22.14,102.02,-57.70
167.19,22.14,102.02,-57.70
167.32,22.14,102.02,-57.72
167.43,22.15,102.02,-57.82
167.55,22.15,102.02,-57.77
167.67,22.15,102.02,-57.75
167.79,22.15,102.02,-57.71
167.92,22.15,102.02,-57.72
168.04,22.15,102.02,-57.72
168.15,22.15,102.02,-57.73
168.27,22.15,102.02,-57.78
168.39,22.15,102.02,-57.73
168.52,22.15,102.02,-57.71
168.64,22.15,102.02,-57.69
168.76,22.15,102.02,-57.75
168.87,22.15,102.02,-57.71
168.99,22.15,102.02,-57.71
169.12,22.15,102.02,-57.71
169.24,22.15,102.02,-57.69
169.36,22.15,102.02,-57.68
169.47,22.15,102.02,-57.67
169.59,22.15,102.02,-57.69
169.72,22.15,102.02,-57.69
169.84,22.15,102.02,-57.67
169.96,22.15,102.02,-57.66
170.08,22.15,102.02,-57.62
170.19,22.15,102.02,-57.63
170.32,22.15,102.02,-57.54
170.44,22.16,102.02,-57.61
170.56,22.16,102.02,-57.60
170.68,22.16,102.02,-57.64
170.80,22.16,102.02,-57.63
170.92,22.16,102.02,-57.58
171.04,22.16,102.02,-57.61
171.16,22.16,102.02,-57.62
171.28,22.16,102.02,-57.64
171.40,22.16,102.02,-57.65
171.52,22.16,102.02,-57.68
171.64,22.17,102.02,-57.69
171.76,22.17,102.02,-57.66
171.88,22.17,102.02,-57.65
172.00,22.17,102.02,-57.66
172.13,22.17,102.02,-57.65
172.24,22.17,102.02,-57.73
172.36,22.17,102.02,-57.68
172.48,22.17,102.02,-57.72
172.60,22.17,102.02,-57.67
172.73,22.17,102.02,-57.73
172.85,22.17,102.02,-57.69
172.96,22.17,102.02,-57.58
173.08,22.17,102.02,-57.63
173.20,22.17,102.02,-57.65
173.33,22.17,102.02,-57.62
173.45,22.17,102.02,-57.63
173.57,22.17,102.02,-57.63
173.68,22.17,102.02,-57.65
173.80,22.17,102.02,-57.64
173.93,22.17,102.02,-57.70
174.05,22.17,102.02,-57.67
174.17,22.17,102.02,-57.68
174.28,22.17,102.02,-57.64
174.40,22.17,102.02,-57.63
174.53,22.17,102.02,-57.61
174.65,22.17,102.02,-57.66
174.77,22.17,102.02,-57.67
174.89,22.17,102.02,-57.75
175.00,22.17,102.02,-57.75
175.13,22.17,102.02,-57.74
175.25,22.17,102.02,-57.77
175.37,22.18,102.02,-57.77
175.49,22.18,102.02,-57.71
175.61,22.18,102.02,-57.65
175.73,22.18,102.02,-57.68
175.85,22.18,102.02,-57.64
175.97,22.18,102.02,-57.61
176.09,22.18,102.02,-57.64
176.21,22.18,102.02,-57.62
176.34,22.18,102.02,-57.65
176.45,22.18,102.02,-57.61
176.57,22.18,102.02,-57.65
176.69,22.18,102.02,-57.64
176.81,22.18,102.02,-57.75
176.94,22.18,102.02,-57.75
177.05,22.18,102.02,-57.70
177.17,22.18,102.02,-57.69
177.29,22.18,102.02,-57.65
177.41,22.18,102.02,-57.67
177.54,22.18,102.02,-57.64
177.66,22.18,102.02,-57.63
177.77,22.18,102.02,-57.62
177.89,22.18,102.02,-57.60
178.01,22.18,102.02,-57.65
178.14,22.18,102.02,-57.63
178.26,22.18,102.02,-57.65
178.38,22.18,102.02,-57.70
178.49,22.18,102.02,-57.73
178.61,22.18,102.02,-57.70
178.74,22.18,102.02,-57.73
178.86,22.18,102.02,-57.71
178.98,22.18,102.02,-57.79
179.10,22.18,102.02,-57.73
179.21,22.18,102.02,-57.67
179.34,22.18,102.02,-57.55
179.46,22.18,102.02,-57.59
179.58,22.18,102.02,-57.54
179.70,22.18,102.02,-57.58
179.82,22.18,102.02,-57.62
179.94,22.18,102.02,-57.60
180.06,22.18,102.02,-57.59
180.18,22.18,102.02,-57.65
180.30,22.18,102.02,-57.64
180.42,22.18,102.02,-57.59
180.55,22.18,102.02,-57.60
180.66,22.18,102.02,-57.59
180.78,22.18,102.02,-57.53
180.90,22.18,102.02,-57.58
181.02,22.18,102.02,-57.64
181.15,22.18,102.02,-57.69
181.26,22.18,102.02,-57.64
181.38,22.18,102.02,-57.63
181.50,22.18,102.02,-57.59
181.62,22.18,102.02,-57.62
181.75,22.18,102.02,-57.55
181.87,22.18,102.02,-57.59
181.98,22.18,102.02,-57.54
182.10,22.18,102.02,-57.53
182.22,22.18,102.02,-57.61
182.35,22.18,102.02,-57.63
182.47,22.18,102.02,-57.65
182.59,22.18,102.02,-57.70
182.70,22.18,102.02,-57.70
182.82,22.18,102.02,-57.63
182.95,22.18,102.02,-57.73
183.07,22.18,102.02,-57.75
183.19,22.18,102.02,-57.69
183.30,22.18,102.02,-57.66
183.42,22.18,102.02,-57.64
183.55,22.18,102.02,-57.63
183.67,22.18,102.02,-57.62
183.79,22.18,102.02,-57.63
183.91,22.19,102.02,-57.66
BUTTON PRESSED
ZEROED
184.03,22.18,102.02,-57.63
BUTTON PRESSED
184.16,22.19,102.02,-0.05
184.28,22.19,102.02,-0.11
184.39,22.19,102.02,-0.06
184.51,22.19,102.02,-0.04
184.63,22.18,102.02,-0.03
184.76,22.19,102.02,0.02
184.88,22.19,102.02,0.05
185.00,22.19,102.02,-0.03
185.11,22.19,102.02,-0.04
185.23,22.19,102.02,-0.05
185.36,22.19,102.02,-0.04
185.48,22.19,102.02,-0.03
185.60,22.18,102.02,-0.04
185.71,22.18,102.02,0.01
185.83,22.18,102.02,0.04
185.96,22.19,102.02,0.01
186.08,22.19,102.02,0.06
186.20,22.19,102.02,0.02
186.32,22.19,102.02,0.02
186.43,22.19,102.02,0.07
186.56,22.19,102.02,0.03
186.68,22.19,102.02,0.07
186.80,22.19,102.02,-0.02
186.91,22.19,102.02,-0.04
187.03,22.19,102.02,0.03
187.16,22.19,102.02,0.01
187.28,22.19,102.02,-0.06
187.40,22.19,102.02,0.01
187.52,22.19,102.02,0.04
187.63,22.19,102.02,0.08
187.76,22.19,102.02,0.05
187.88,22.19,102.02,0.05
188.00,22.19,102.02,0.06
188.12,22.19,102.02,0.04
188.23,22.19,102.02,0.03
188.36,22.19,102.02,-0.04
188.48,22.19,102.02,-0.03
188.60,22.19,102.02,0.03
188.72,22.19,102.02,0.05
188.83,22.18,102.02,0.05
188.96,22.18,102.02,0.06
189.08,22.18,102.02,0.06
189.20,22.18,102.02,0.01
189.32,22.18,102.02,0.07
189.44,22.19,102.02,0.08
189.56,22.19,102.02,0.09
189.68,22.19,102.02,0.15
189.80,22.18,102.02,0.18
189.92,22.18,102.02,0.11
190.04,22.18,102.02,0.02
190.16,22.18,102.02,-0.01
190.28,22.18,102.02,-0.04
190.40,22.18,102.02,-0.04
190.52,22.18,102.02,-0.03
190.64,22.19,102.02,0.00
190.76,22.18,102.02,0.01
190.88,22.18,102.02,0.07
191.00,22.18,102.02,0.04
191.12,22.18,102.02,0.02
191.24,22.18,102.02,0.01
191.36,22.18,102.02,-0.02
191.48,22.18,102.02,0.02
191.60,22.18,102.02,0.01
191.72,22.18,102.02,0.02
191.84,22.18,102.02,-0.02
191.97,22.18,102.02,-0.02
192.08,22.18,102.02,-0.05
192.20,22.18,102.02,-0.05
192.32,22.18,102.02,-0.04
192.44,22.18,102.02,-0.06
192.57,22.18,102.02,-0.06
192.68,22.19,102.02,-0.04
192.80,22.19,102.02,-0.03
192.92,22.18,102.02,-0.05
193.04,22.18,102.02,-0.03
193.17,22.18,102.02,-0.01
193.29,22.18,102.02,-0.02
193.40,22.18,102.02,0.02
193.52,22.18,102.02,0.03
193.64,22.18,102.02,0.00
193.77,22.18,102.02,0.02
193.88,22.19,102.02,0.02
194.00,22.19,102.02,0.03
194.12,22.19,102.02,0.03
194.24,22.19,102.02,0.03
194.37,22.19,102.02,0.05
194.49,22.19,102.02,0.08
194.60,22.19,102.02,0.05
194.72,22.19,102.02,0.02
194.84,22.18,102.02,0.06
194.97,22.18,102.02,0.02
195.09,22.18,102.02,-0.01
195.20,22.18,102.02,0.07
195.32,22.18,102.02,0.05
195.44,22.18,102.02,0.08
195.57,22.18,102.02,0.09
195.69,22.18,102.02,0.12
195.80,22.18,102.02,0.10
195.92,22.18,102.02,0.06
196.04,22.18,102.02,0.09
196.17,22.18,102.02,0.15
196.29,22.19,102.02,0.16
196.40,22.18,102.02,0.13
196.52,22.18,102.02,0.15
196.64,22.18,102.02,0.14
196.77,22.18,102.02,0.10
196.89,22.18,102.02,0.08
197.01,22.18,102.02,0.09
197.12,22.18,102.02,0.08
197.24,22.18,102.02,0.08
197.37,22.18,102.02,0.02
197.49,22.18,102.02,0.01
197.61,22.18,102.02,-0.02
197.72,22.18,102.02,0.01
197.84,22.18,102.02,-0.02
197.97,22.18,102.02,0.05
198.09,22.18,102.02,0.06
198.21,22.18,102.02,0.06
198.32,22.18,102.02,0.10
198.44,22.18,102.02,0.11
198.57,22.18,102.02,0.13
198.69,22.18,102.02,0.10
198.81,22.18,102.02,0.03
198.92,22.18,102.02,0.02
199.04,22.18,102.02,0.04
199.17,22.18,102.02,0.07
199.29,22.18,102.02,0.02
199.41,22.18,102.02,0.12
199.52,22.18,102.02,0.08
199.64,22.18,102.02,0.15
199.77,22.18,102.02,0.13
199.89,22.18,102.02,0.08
200.01,22.18,102.02,0.04
200.13,22.18,102.02,0.05
200.24,22.18,102.02,-0.02
200.37,22.18,102.02,-0.06
200.49,22.18,102.02,-0.05
200.61,22.18,102.02,0.02
200.73,22.18,102.02,0.06
200.84,22.18,102.02,-0.01
200.97,22.18,102.02,-0.01
201.09,22.18,102.02,0.00
201.21,22.17,102.02,0.12
201.33,22.17,102.02,0.12
201.45,22.17,102.02,0.08
201.57,22.17,102.02,-0.02
201.69,22.17,102.02,0.06
201.81,22.17,102.02,0.07
201.93,22.17,102.02,0.07
202.05,22.17,102.02,0.04
202.17,22.18,102.02,0.03
202.29,22.17,102.02,0.02
202.41,22.17,102.02,0.05
202.53,22.17,102.02,0.06
202.65,22.18,102.02,0.05
202.77,22.18,102.02,0.05
202.89,22.18,102.02,0.12
203.01,22.18,102.02,0.10
203.13,22.18,102.02,0.06
203.25,22.18,102.02,-0.01
203.37,22.18,102.02,-0.06
203.49,22.18,102.02,-0.05
203.61,22.18,102.02,-0.05
203.73,22.18,102.02,-0.08
203.85,22.18,102.02,-0.08
203.98,22.18,102.02,0.01
204.09,22.18,102.02,0.06
204.21,22.17,102.02,0.08
204.33,22.18,102.02,0.14
204.45,22.18,102.02,0.20
204.58,22.18,102.02,0.11
204.69,22.18,102.02,0.09
204.81,22.18,102.02,0.07
204.93,22.17,102.02,0.04
205.05,22.17,102.02,-0.02
205.18,22.17,102.02,0.01
205.29,22.17,102.02,0.01
205.41,22.17,102.02,0.06
205.53,22.17,102.02,0.08
205.65,22.17,102.02,0.08
205.78,22.17,102.02,0.03
205.89,22.17,102.02,0.09
206.01,22.17,102.02,0.06
206.13,22.17,102.02,0.10
206.25,22.17,102.02,0.05
206.38,22.17,102.02,0.10
206.49,22.17,102.02,0.15
206.61,22.17,102.02,0.16
206.73,22.17,102.02,0.15
206.85,22.17,102.02,0.10
206.98,22.17,102.02,0.10
207.10,22.17,102.02,0.08
207.21,22.17,102.02,0.14
207.33,22.17,102.02,0.06
207.45,22.17,102.02,0.07
207.58,22.17,102.02,0.16
207.70,22.17,102.02,0.14
207.81,22.17,102.02,0.15
207.93,22.17,102.02,0.14
208.05,22.17,102.02,0.14
208.18,22.17,102.02,0.08
208.30,22.17,102.02,0.13
208.41,22.17,102.02,0.13
208.53,22.17,102.02,0.15
208.65,22.17,102.02,0.15
208.78,22.17,102.02,0.19
208.90,22.17,102.02,0.17
209.01,22.17,102.02,0.20
209.13,22.17,102.02,0.16
209.25,22.17,102.02,0.19
209.38,22.17,102.02,0.21
209.50,22.17,102.02,0.22
209.61,22.17,102.02,0.14
209.73,22.17,102.02,0.11
209.85,22.17,102.02,0.11
209.98,22.17,102.02,0.02
210.10,22.17,102.02,0.09
210.22,22.17,102.02,0.09
210.33,22.17,102.02,0.10
210.45,22.17,102.02,0.10
210.58,22.17,102.02,0.07
210.70,22.17,102.02,0.09
210.82,22.17,102.02,0.09
210.93,22.17,102.02,0.10
211.05,22.17,102.02,0.12
211.18,22.17,102.02,0.11
211.30,22.17,102.02,0.07
211.42,22.17,102.02,0.02
211.53,22.17,102.02,0.00
211.65,22.17,102.02,-0.04
211.78,22.17,102.02,-0.01
211.90,22.17,102.02,0.07
212.02,22.17,102.02,0.02
212.13,22.17,102.02,0.05
212.25,22.17,102.02,0.06
212.38,22.17,102.02,0.06
212.50,22.17,102.02,0.04
212.62,22.16,102.02,0.13
212.74,22.17,102.02,0.08
212.85,22.17,102.02,0.06
212.98,22.17,102.02,0.04
213.10,22.17,102.02,0.01
213.22,22.16,102.02,0.14
213.34,22.16,102.02,0.07
213.45,22.17,102.02,0.10
213.58,22.16,102.02,0.14
213.70,22.17,102.02,0.17
213.82,22.16,102.02,0.05
213.94,22.17,102.02,0.16
214.05,22.16,102.02,0.12
214.18,22.17,102.02,0.19
214.30,22.17,102.02,0.13
214.42,22.16,102.02,0.14
214.54,22.17,102.02,0.16
214.65,22.16,102.02,0.09
214.78,22.17,102.02,0.07
214.90,22.16,102.02,0.09
215.02,22.16,102.02,0.08
215.14,22.16,102.02,0.04
215.26,22.16,102.02,0.09
215.38,22.17,102.02,0.08
215.50,22.16,102.02,0.09
215.62,22.16,102.02,0.10
215.74,22.16,102.02,0.08
215.86,22.16,102.02,0.08
215.98,22.16,102.02,0.10
216.10,22.17,102.02,0.08
216.22,22.16,102.02,0.09
216.34,22.16,102.02,0.05
216.46,22.16,102.02,0.05
216.58,22.16,102.02,0.10
216.70,22.16,102.02,0.08
216.82,22.16,102.02,0.11
216.94,22.16,102.02,0.15
217.06,22.16,102.02,0.17
217.18,22.16,102.02,0.11
217.30,22.16,102.02,0.13
217.42,22.16,102.02,0.19
217.54,22.16,102.02,0.17
217.66,22.16,102.02,0.14
217.78,22.16,102.02,0.12
217.90,22.16,102.02,0.10
218.02,22.16,102.02,0.03
218.14,22.16,102.02,0.04
218.26,22.16,102.02,0.08
218.38,22.16,102.02,0.05
218.50,22.16,102.02,0.12
218.62,22.16,102.02,0.06
218.74,22.16,102.02,0.07
218.86,22.16,102.02,0.09
218.99,22.16,102.02,0.13
219.10,22.16,102.02,0.11
219.22,22.16,102.02,0.10
219.34,22.16,102.02,0.14
219.46,22.16,102.02,0.07
219.59,22.16,102.02,0.05
219.70,22.16,102.02,-0.01
219.82,22.16,102.02,-0.01
219.94,22.16,102.02,0.02
220.06,22.16,102.02,0.04
220.19,22.16,102.02,0.06
220.30,22.16,102.02,0.06
220.42,22.16,102.02,0.05
220.54,22.16,102.02,0.06
220.66,22.16,102.02,0.07
220.79,22.16,102.02,0.04
220.90,22.16,102.02,0.06
221.02,22.15,102.02,0.04
221.14,22.15,102.02,0.06
221.26,22.15,102.02,0.07
221.39,22.15,102.02,0.00
221.50,22.16,102.02,-0.03
221.62,22.15,102.02,-0.01
221.74,22.16,102.02,0.03
221.86,22.16,102.02,0.04
221.99,22.16,102.02,0.03
222.11,22.16,102.02,0.03
222.22,22.16,102.02,0.03
222.34,22.16,102.02,-0.01
222.46,22.16,102.02,-0.02
222.59,22.16,102.02,-0.02
222.71,22.16,102.02,-0.10
222.82,22.16,102.02,-0.06
222.94,22.16,102.02,0.01
223.06,22.16,102.02,-0.01
223.19,22.16,102.02,0.08
223.31,22.16,102.02,-0.02
223.43,22.16,102.02,0.01
223.54,22.16,102.02,0.04
223.66,22.16,102.02,0.10
223.79,22.15,102.02,0.08
223.91,22.15,102.02,0.08
224.02,22.15,102.02,0.15
224.14,22.15,102.02,0.09
224.26,22.15,102.02,0.12
224.39,22.15,102.02,0.14
224.51,22.15,102.02,0.14
224.63,22.15,102.02,0.10
224.74,22.15,102.02,0.10
224.86,22.15,102.02,0.08
224.99,22.15,102.02,0.01
225.11,22.15,102.02,0.05
225.23,22.15,102.02,-0.03
225.34,22.15,102.02,-0.01
225.46,22.15,102.02,-0.03
225.59,22.15,102.02,0.01
225.71,22.15,102.02,-0.01
225.83,22.15,102.02,-0.11
225.95,22.15,102.02,-0.06
226.06,22.15,102.02,-0.05
226.19,22.15,102.02,0.01
226.31,22.15,102.02,0.05
226.43,22.15,102.02,0.05
226.55,22.15,102.02,0.06
226.66,22.15,102.02,0.13
226.79,22.15,102.02,0.06
226.91,22.15,102.02,0.02
227.03,22.15,102.02,0.03
227.15,22.15,102.02,0.03
227.26,22.15,102.02,0.07
227.39,22.15,102.02,0.07
227.51,22.15,102.02,0.10
227.63,22.15,102.02,0.05
227.75,22.15,102.02,0.03
227.86,22.15,102.02,0.11
227.99,22.15,102.02,0.08
228.11,22.15,102.02,0.14
228.23,22.15,102.02,0.13
228.35,22.15,102.02,0.13
228.47,22.15,102.02,0.19
228.59,22.15,102.02,0.19
228.71,22.15,102.02,0.16
228.83,22.15,102.02,0.18
228.95,22.15,102.02,0.17
229.07,22.15,102.02,0.16
229.19,22.15,102.02,0.14
229.31,22.15,102.02,0.12
229.43,22.15,102.02,0.06
229.55,22.15,102.02,0.13
229.66,22.15,102.02,0.12
229.79,22.15,102.02,0.13
229.91,22.15,102.02,0.05
230.03,22.15,102.02,0.04
230.15,22.15,102.02,0.04
230.27,22.15,102.02,0.10
230.39,22.15,102.02,0.10
230.51,22.15,102.02,0.11
230.63,22.15,102.02,0.16
230.75,22.15,102.02,0.16
230.87,22.15,102.02,0.15
230.99,22.15,102.02,0.17
231.11,22.15,102.02,0.11
231.23,22.15,102.02,0.08
231.35,22.15,102.02,0.13
231.47,22.14,102.02,0.20
231.60,22.15,102.02,0.15
231.71,22.15,102.02,0.13
231.83,22.15,102.02,0.12
231.95,22.14,102.02,0.18
232.07,22.14,102.02,0.18
232.20,22.14,102.02,0.18
232.31,22.14,102.02,0.15
232.43,22.14,102.02,0.16
232.55,22.14,102.02,0.12
232.67,22.15,102.02,0.17
232.80,22.15,102.02,0.21
232.91,22.15,102.02,0.22
233.03,22.14,102.02,0.19
233.15,22.15,102.02,0.12
233.27,22.15,102.02,0.07
233.40,22.15,102.02,0.10
233.51,22.15,102.02,0.13
233.63,22.15,102.02,0.12
233.75,22.15,102.02,0.11
233.87,22.15,102.02,0.11
234.00,22.15,102.02,0.10
234.12,22.15,102.02,0.07
234.23,22.15,102.02,0.02
234.35,22.15,102.02,0.06
234.47,22.15,102.02,0.08
234.60,22.15,102.02,0.08
234.72,22.15,102.02,0.07
234.83,22.15,102.02,0.08
234.95,22.15,102.02,0.07
235.07,22.15,102.02,0.06
235.20,22.15,102.02,0.06
235.32,22.15,102.02,0.11
235.43,22.15,102.02,0.06
235.55,22.14,102.02,0.09
235.67,22.14,102.02,0.13
235.80,22.14,102.02,0.10
235.92,22.14,102.02,0.13
236.03,22.14,102.02,0.11
236.15,22.14,102.02,0.16
236.27,22.14,102.02,0.19
236.40,22.14,102.02,0.18
236.52,22.14,102.02,0.13
236.63,22.14,102.02,0.12
236.75,22.14,102.02,0.10
236.87,22.14,102.02,0.12
237.00,22.14,102.02,0.07
237.12,22.14,102.02,0.08
237.24,22.14,102.02,0.11
237.35,22.14,102.02,0.15
237.47,22.14,102.02,0.20
237.60,22.14,102.02,0.17
237.72,22.14,102.02,0.17
237.84,22.14,102.02,0.13
237.95,22.14,102.02,0.14
238.07,22.14,102.02,0.10
238.20,22.14,102.02,0.09
238.32,22.14,102.02,0.16
238.44,22.14,102.02,0.09
238.55,22.14,102.02,0.10
238.67,22.14,102.02,0.16
238.80,22.14,102.02,0.14
238.92,22.14,102.02,0.09
239.04,22.14,102.02,0.08
239.15,22.14,102.02,0.09
239.27,22.14,102.02,0.06
239.40,22.14,102.02,0.04
239.52,22.14,102.02,0.04
239.64,22.14,102.02,0.06
239.75,22.14,102.02,0.01
239.87,22.14,102.02,0.01
240.00,22.14,102.02,0.05
240.12,22.14,102.02,0.04
240.24,22.14,102.02,0.06
240.35,22.14,102.02,0.07
240.47,22.14,102.02,0.05
240.60,22.14,102.02,0.13
240.72,22.14,102.02,0.05
240.84,22.14,102.02,0.11
240.96,22.14,102.02,-0.01
241.07,22.14,102.02,-0.04
241.20,22.14,102.02,-0.06
241.32,22.14,102.02,0.02
241.44,22.14,102.02,-0.01
241.56,22.14,102.02,0.05
241.67,22.14,102.02,0.12
241.80,22.14,102.02,0.11
241.92,22.14,102.02,0.10
242.04,22.14,102.02,0.06
242.16,22.14,102.02,0.02
242.27,22.14,102.02,0.06
242.40,22.14,102.02,0.06
242.52,22.14,102.02,0.04
242.64,22.14,102.02,0.04
242.76,22.14,102.02,0.08
242.87,22.14,102.02,0.07
243.00,22.14,102.02,0.10
243.12,22.14,102.02,0.09
243.24,22.14,102.02,0.17
243.36,22.14,102.02,0.20
243.48,22.14,102.02,0.23
243.60,22.14,102.02,0.21
243.72,22.14,102.02,0.17
243.84,22.14,102.02,0.15
243.96,22.14,102.02,0.13
244.08,22.14,102.02,0.18
244.20,22.14,102.02,0.15
244.32,22.14,102.02,0.13
244.44,22.14,102.02,0.12
244.56,22.14,102.02,0.17
244.68,22.14,102.02,0.20
244.80,22.14,102.02,0.17
244.92,22.14,102.02,0.15
245.04,22.14,102.02,0.16
245.16,22.14,102.02,0.11
245.28,22.14,102.02,0.07
245.40,22.14,102.02,0.07
245.52,22.14,102.02,0.05
245.64,22.14,102.02,0.16
245.76,22.14,102.02,0.06
245.88,22.14,102.02,0.05
246.00,22.14,102.02,0.07
246.12,22.14,102.02,0.03
246.24,22.14,102.02,0.06
246.36,22.14,102.02,0.08
246.48,22.14,102.02,0.04
246.60,22.14,102.02,0.02
246.72,22.14,102.02,-0.01
246.84,22.14,102.02,0.04
246.96,22.14,102.02,0.03
247.08,22.14,102.02,0.06
247.20,22.14,102.02,0.01
247.32,22.14,102.02,-0.01
247.44,22.14,102.02,0.05
247.56,22.14,102.02,0.05
247.68,22.14,102.02,0.04
247.80,22.14,102.02,0.05
247.92,22.14,102.02,0.05
248.04,22.14,102.02,0.03
248.16,22.14,102.02,0.02
248.28,22.14,102.02,0.04
248.41,22.14,102.02,0.09
248.52,22.14,102.02,0.02
248.64,22.14,102.02,0.03
248.76,22.14,102.02,0.08
248.88,22.14,102.02,0.03
249.01,22.14,102.02,0.06
249.12,22.14,102.02,-0.04
249.24,22.14,102.02,-0.06
249.36,22.14,102.02,-0.02
249.48,22.14,102.02,0.02
249.61,22.14,102.02,-0.02
249.72,22.14,102.02,0.04
249.84,22.14,102.02,0.10
249.96,22.14,102.02,0.07
250.08,22.14,102.02,0.12
250.21,22.14,102.02,0.10
250.32,22.14,102.02,0.07
250.44,22.14,102.02,0.08
250.56,22.14,102.02,0.10
250.68,22.14,102.02,0.15
250.81,22.14,102.02,0.16
250.93,22.14,102.02,0.14
251.04,22.14,102.02,0.06
251.16,22.14,102.02,0.08
251.28,22.14,102.02,0.01
251.41,22.14,102.02,-0.02
251.53,22.14,102.02,-0.01
251.64,22.14,102.02,0.07
251.76,22.14,102.02,0.10
251.88,22.14,102.02,0.07
252.01,22.14,102.02,0.05
252.13,22.14,102.02,0.12
252.24,22.14,102.02,0.15
252.36,22.14,102.02,0.10
252.48,22.14,102.02,0.12
252.61,22.14,102.02,0.16
252.73,22.14,102.02,0.07
252.85,22.14,102.02,0.08
252.96,22.14,102.02,0.16
253.08,22.14,102.02,0.16
253.21,22.14,102.02,0.26
253.33,22.14,102.02,0.26
253.45,22.14,102.02,0.17
253.56,22.14,102.02,0.14
253.68,22.14,102.02,0.11
253.81,22.14,102.02,0.07
253.93,22.14,102.02,0.16
254.05,22.14,102.02,0.22
254.16,22.14,102.02,0.18
254.28,22.14,102.02,0.14
254.41,22.14,102.02,0.10
254.53,22.14,102.02,0.06
254.65,22.14,102.02,0.10
254.76,22.14,102.02,0.10
254.88,22.14,102.02,0.15
255.01,22.14,102.02,0.16
255.13,22.14,102.02,0.17
255.25,22.14,102.02,0.20
255.37,22.14,102.02,0.23
255.48,22.14,102.02,0.21
255.61,22.14,102.02,0.22
255.73,22.14,102.02,0.18
255.85,22.14,102.02,0.15
255.97,22.14,102.02,0.13
256.08,22.14,102.02,0.07
256.21,22.14,102.02,0.05
256.33,22.14,102.02,0.08
256.45,22.14,102.02,0.12
256.57,22.14,102.02,0.08
256.68,22.14,102.02,0.09
256.81,22.14,102.02,0.05
256.93,22.14,102.02,0.06
257.05,22.14,102.02,0.02
257.17,22.14,102.02,0.02
257.28,22.14,102.02,0.04
257.41,22.14,102.02,0.10
257.53,22.14,102.02,0.08
257.65,22.14,102.02,0.10
257.77,22.14,102.02,0.12
257.88,22.14,102.02,0.07
258.01,22.14,102.02,0.09
258.13,22.14,102.02,0.16
258.25,22.14,102.02,0.13
258.37,22.14,102.02,0.19
258.48,22.14,102.02,0.17
258.61,22.14,102.02,0.14
258.73,22.14,102.02,0.14
258.85,22.14,102.02,0.13
258.97,22.14,102.02,0.15
259.08,22.14,102.02,0.15
259.21,22.14,102.02,0.18
259.33,22.13,102.02,0.16
259.45,22.13,102.02,0.19
259.57,22.13,102.02,0.15
259.69,22.13,102.02,0.13
259.81,22.13,102.02,0.20
259.93,22.13,102.02,0.17
260.05,22.13,102.02,0.10
260.17,22.13,102.02,0.13
260.29,22.13,102.02,0.12
260.41,22.13,102.02,0.15
260.53,22.13,102.02,0.22
260.65,22.13,102.02,0.23
260.77,22.13,102.02,0.21
260.89,22.13,102.02,0.22
261.01,22.13,102.02,0.20
261.13,22.13,102.02,0.17
261.25,22.13,102.02,0.16
261.37,22.13,102.02,0.15
261.49,22.13,102.02,0.09
261.61,22.13,102.02,0.12
261.73,22.13,102.02,0.11
261.85,22.13,102.02,0.10
261.97,22.13,102.02,0.15
262.09,22.13,102.02,0.06
262.21,22.13,102.02,0.13
262.33,22.13,102.02,0.14
262.45,22.13,102.02,0.16
262.57,22.13,102.02,0.19
262.69,22.13,102.02,0.21
262.82,22.14,102.02,0.22
262.93,22.14,102.02,0.16
263.05,22.14,102.02,0.16
263.17,22.14,102.02,0.21
263.29,22.14,102.02,0.24
263.42,22.13,102.02,0.17
263.53,22.13,102.02,0.26
263.65,22.13,102.02,0.18
263.77,22.13,102.02,0.20
263.89,22.13,102.02,0.22
264.02,22.13,102.02,0.20
264.13,22.13,102.02,0.22
264.25,22.13,102.02,0.22
264.37,22.13,102.02,0.20
264.49,22.13,102.02,0.16
264.62,22.13,102.02,0.13
264.73,22.13,102.02,0.11
264.85,22.13,102.02,0.13
264.97,22.13,102.02,0.13
265.09,22.13,102.02,0.18
265.22,22.13,102.02,0.15
265.33,22.13,102.02,0.16
265.45,22.13,102.02,0.16
265.57,22.13,102.02,0.16
265.69,22.13,102.02,0.19
265.82,22.13,102.02,0.17
265.94,22.13,102.02,0.15
266.05,22.13,102.02,0.08
266.17,22.13,102.02,0.06
266.29,22.13,102.02,0.10
266.42,22.13,102.02,0.09
266.54,22.13,102.02,0.10
266.65,22.13,102.02,0.08
266.77,22.13,102.02,0.13
266.89,22.13,102.02,0.17
267.02,22.13,102.02,0.18
267.14,22.13,102.02,0.22
267.25,22.13,102.02,0.21
267.37,22.13,102.02,0.24
267.49,22.13,102.02,0.21
267.62,22.13,102.02,0.25
267.74,22.13,102.02,0.22
267.85,22.13,102.02,0.24
267.97,22.13,102.02,0.24
268.09,22.13,102.02,0.18
268.22,22.13,102.02,0.17
268.34,22.13,102.02,0.18
268.45,22.13,102.02,0.16
268.57,22.13,102.02,0.13
268.69,22.13,102.02,0.19
268.82,22.13,102.02,0.13
268.94,22.13,102.02,0.11
269.06,22.13,102.02,0.06
269.17,22.13,102.02,0.11
269.29,22.13,102.02,0.16
269.42,22.13,102.02,0.18
269.54,22.13,102.02,0.15
269.66,22.13,102.02,0.20
269.77,22.13,102.02,0.17
269.89,22.13,102.02,0.21
270.02,22.13,102.02,0.20
270.14,22.13,102.02,0.20
270.26,22.13,102.02,0.17
270.37,22.13,102.02,0.10
270.49,22.13,102.02,0.12
270.62,22.13,102.02,0.13
270.74,22.13,102.02,0.16
270.86,22.13,102.02,0.13
270.97,22.13,102.02,0.12
271.09,22.13,102.02,0.12
271.22,22.13,102.02,0.11
271.34,22.13,102.02,0.15
271.46,22.13,102.02,0.11
271.58,22.13,102.02,0.15
271.69,22.13,102.02,0.17
271.82,22.13,102.02,0.22
271.94,22.13,102.02,0.22
272.06,22.13,102.02,0.18
272.18,22.13,102.02,0.22
272.29,22.13,102.02,0.22
272.42,22.13,102.02,0.17
272.54,22.13,102.02,0.16
272.66,22.13,102.02,0.13
272.78,22.13,102.02,0.15
272.89,22.13,102.02,0.18
273.02,22.13,102.02,0.15
273.14,22.13,102.02,0.16
273.26,22.13,102.02,0.18
273.38,22.13,102.02,0.16
273.50,22.13,102.02,0.16
273.62,22.13,102.02,0.18
273.74,22.13,102.02,0.17
273.86,22.13,102.02,0.20
273.98,22.12,102.02,0.17
274.10,22.12,102.02,0.18
274.22,22.12,102.02,0.20
274.34,22.12,102.02,0.16
274.46,22.12,102.02,0.20
274.58,22.13,102.02,0.13
274.70,22.12,102.02,0.16
274.82,22.12,102.02,0.12
274.94,22.12,102.02,0.08
275.06,22.12,102.02,0.13
275.18,22.12,102.02,0.22
275.30,22.12,102.02,0.22
275.42,22.12,102.02,0.29
275.54,22.12,102.02,0.28
275.66,22.12,102.02,0.18
275.78,22.12,102.02,0.11
275.90,22.12,102.02,0.06
276.02,22.12,102.02,0.07
276.14,22.12,102.02,0.07
276.26,22.12,102.02,0.10
276.38,22.12,102.02,0.17
276.50,22.12,102.02,0.14
276.62,22.12,102.02,0.12
276.74,22.12,102.02,0.13
276.86,22.12,102.02,0.12
276.98,22.12,102.02,0.07
277.10,22.12,102.02,0.06
277.22,22.12,102.02,0.05
277.34,22.12,102.02,-0.01
277.46,22.12,102.02,0.08
277.58,22.12,102.02,0.06
277.70,22.12,102.02,0.10
277.83,22.12,102.02,0.08
277.94,22.12,102.02,0.16
278.06,22.12,102.02,0.13
278.18,22.12,102.02,0.12
278.30,22.12,102.02,0.11
278.42,22.12,102.02,0.13
278.54,22.12,102.02,0.11
278.66,22.12,102.02,0.14
278.78,22.12,102.02,0.19
278.90,22.12,102.02,0.23
279.02,22.12,102.02,0.20
279.14,22.12,102.02,0.20
279.26,22.12,102.02,0.16
279.38,22.12,102.02,0.14
279.50,22.12,102.02,0.10
279.63,22.12,102.02,0.14
279.74,22.12,102.02,0.13
279.86,22.12,102.02,0.06
279.98,22.12,102.02,0.12
280.10,22.12,102.02,0.13
280.23,22.12,102.02,0.08
280.34,22.12,102.02,0.06
280.46,22.12,102.02,0.08
280.58,22.12,102.02,0.11
280.70,22.12,102.02,0.10
280.83,22.12,102.02,0.11
280.95,22.12,102.02,0.13
281.06,22.12,102.02,0.09
281.18,22.12,102.02,0.10
281.30,22.12,102.02,0.09
281.43,22.12,102.02,0.16
281.55,22.12,102.02,0.23
281.66,22.12,102.02,0.16
281.78,22.12,102.02,0.16
281.90,22.12,102.02,0.12
282.03,22.12,102.02,0.11
282.14,22.12,102.02,0.13
282.26,22.12,102.02,0.16
282.38,22.12,102.02,0.11
282.50,22.12,102.02,0.13
282.63,22.12,102.02,0.11
282.75,22.12,102.02,0.08
282.86,22.12,102.02,0.08
282.98,22.12,102.02,0.05
283.10,22.12,102.02,0.08
283.23,22.12,102.02,0.06
283.35,22.12,102.02,0.08
283.46,22.12,102.02,0.15
283.58,22.12,102.02,0.16
283.70,22.12,102.02,0.18
283.83,22.12,102.02,0.14
283.95,22.12,102.02,0.15
284.07,22.12,102.02,0.12
284.18,22.12,102.02,0.14
284.30,22.12,102.02,0.08
284.43,22.12,102.02,0.09
284.55,22.12,102.02,0.13
284.67,22.12,102.02,0.15
284.78,22.12,102.02,0.15
284.90,22.12,102.02,0.15
285.03,22.12,102.02,0.15
285.15,22.12,102.02,0.16
285.27,22.12,102.02,0.17
285.38,22.12,102.02,0.25
285.50,22.12,102.02,0.21
285.63,22.12,102.02,0.11
285.75,22.12,102.02,0.05
285.87,22.12,102.02,0.08
285.98,22.12,102.02,0.07
286.10,22.12,102.02,0.13
286.23,22.12,102.02,0.19
286.35,22.12,102.02,0.19
286.47,22.12,102.02,0.12
286.58,22.12,102.02,0.04
286.70,22.12,102.02,0.03
286.83,22.12,102.02,0.05
286.95,22.12,102.02,0.06
287.07,22.12,102.02,0.11
287.19,22.12,102.02,0.05
287.30,22.12,102.02,0.07
287.43,22.12,102.02,0.10
287.55,22.12,102.02,0.04
287.67,22.12,102.02,0.09
287.79,22.12,102.02,0.08
287.90,22.12,102.02,0.05
288.03,22.12,102.02,0.06
288.15,22.12,102.02,0.03
288.27,22.12,102.02,0.02
288.39,22.12,102.02,0.08
288.50,22.12,102.02,0.11
288.63,22.12,102.02,0.14
288.75,22.12,102.02,0.10
288.87,22.12,102.02,0.14
288.99,22.12,102.02,0.14
289.10,22.12,102.02,0.12
289.23,22.12,102.02,0.07
289.35,22.11,102.02,0.06
289.47,22.11,102.02,0.12
289.59,22.11,102.02,0.13
289.70,22.11,102.02,0.17
289.83,22.11,102.02,0.07
289.95,22.11,102.02,0.07
290.07,22.11,102.02,-0.01
290.19,22.12,102.02,0.02
290.31,22.12,102.02,0.02
290.43,22.11,102.02,0.01
290.55,22.12,102.02,0.02
290.67,22.11,102.02,0.07
290.79,22.12,102.02,0.07
290.91,22.12,102.02,0.07
291.03,22.12,102.02,0.09
291.15,22.12,102.02,0.06
291.27,22.12,102.02,0.08
291.39,22.12,102.02,0.10
291.51,22.12,102.02,0.07
291.63,22.12,102.02,0.06
291.75,22.12,102.02,0.05
291.87,22.12,102.02,-0.02
291.99,22.12,102.02,-0.01
292.11,22.12,102.02,-0.01
292.23,22.12,102.02,-0.08
292.35,22.12,102.02,-0.08
292.47,22.12,102.02,0.02
292.59,22.12,102.02,-0.05
292.71,22.12,102.02,-0.01
292.84,22.12,102.02,-0.05
292.95,22.12,102.02,-0.05
293.07,22.12,102.02,0.00
293.19,22.12,102.02,0.03
293.31,22.12,102.02,0.04
293.44,22.12,102.02,0.16
293.55,22.12,102.02,0.08
293.67,22.12,102.02,0.10
293.79,22.11,102.02,0.07
293.91,22.11,102.02,0.10
294.04,22.11,102.02,0.12
294.16,22.11,102.02,0.11
294.27,22.11,102.02,0.12
294.39,22.11,102.02,0.08
294.51,22.11,102.02,0.10
294.64,22.11,102.02,0.10
294.76,22.11,102.02,0.14
294.87,22.11,102.02,0.16
294.99,22.11,102.02,0.13
295.11,22.11,102.02,0.09
295.24,22.11,102.02,0.12
295.36,22.12,102.02,0.14
295.47,22.11,102.02,0.12
295.59,22.11,102.02,0.07
295.71,22.11,102.02,0.02
295.84,22.12,102.02,0.06
295.95,22.12,102.02,0.09
296.07,22.12,102.02,0.03
296.19,22.12,102.02,0.08
296.31,22.12,102.02,-0.01
296.44,22.12,102.02,-0.05
296.56,22.12,102.02,0.07
296.67,22.12,102.02,0.02
296.79,22.12,102.02,0.03
296.91,22.12,102.02,0.03
297.04,22.12,102.02,0.02
297.16,22.12,102.02,0.04
297.27,22.11,102.02,0.09
297.39,22.11,102.02,0.18
297.51,22.11,102.02,0.15
297.64,22.11,102.02,0.10
297.76,22.11,102.02,0.06
297.88,22.11,102.02,0.07
297.99,22.11,102.02,0.10
298.11,22.11,102.02,0.12
298.24,22.11,102.02,0.10
298.36,22.11,102.02,0.20
298.48,22.11,102.02,0.17
298.59,22.11,102.02,0.24
298.71,22.11,102.02,0.22
298.84,22.11,102.02,0.17
298.96,22.11,102.02,0.13
299.08,22.11,102.02,0.10
299.19,22.11,102.02,0.11
299.31,22.11,102.02,0.08
299.44,22.11,102.02,0.12
299.56,22.11,102.02,0.09
299.68,22.11,102.02,0.14
299.80,22.11,102.02,0.10
299.91,22.11,102.02,0.06
300.04,22.11,102.02,0.19
300.16,22.11,102.02,0.15
300.28,22.11,102.02,0.17
300.39,22.11,102.02,0.12
300.51,22.11,102.02,0.08
300.64,22.11,102.02,0.10
300.76,22.11,102.02,0.03
300.88,22.11,102.02,0.06
301.00,22.11,102.02,0.14
301.11,22.11,102.02,0.11
301.24,22.11,102.02,0.13
301.36,22.11,102.02,0.15
301.48,22.11,102.02,0.12
301.60,22.11,102.02,0.10
301.71,22.11,102.02,0.20
301.84,22.11,102.02,0.15
301.96,22.11,102.02,0.19
302.08,22.11,102.02,0.13
302.20,22.11,102.02,0.11
302.31,22.11,102.02,0.07
302.44,22.11,102.02,0.11
302.56,22.11,102.02,0.14
302.68,22.11,102.02,0.17
302.80,22.11,102.02,0.16
302.91,22.11,102.02,0.15
303.04,22.11,102.02,0.13
303.16,22.11,102.02,0.08
303.28,22.11,102.02,0.11
303.40,22.11,102.02,0.06
303.52,22.11,102.02,0.04
303.64,22.11,102.02,0.12
303.76,22.11,102.02,0.15
303.88,22.11,102.02,0.12
304.00,22.11,102.02,0.11
304.11,22.11,102.02,0.13
304.24,22.11,102.02,0.17
304.36,22.11,102.02,0.20
304.48,22.11,102.02,0.19
304.60,22.11,102.02,0.10
304.72,22.11,102.02,0.15
304.84,22.11,102.02,0.18
304.96,22.11,102.02,0.16
305.08,22.11,102.02,0.11
305.20,22.11,102.02,0.08
305.32,22.11,102.02,0.07
305.44,22.11,102.02,0.03
305.56,22.11,102.02,0.04
305.68,22.11,102.02,0.03
305.80,22.11,102.02,0.07
305.92,22.11,102.02,0.06
306.04,22.11,102.02,0.09
306.16,22.11,102.02,0.04
306.28,22.11,102.02,0.10
306.40,22.11,102.02,0.07
306.52,22.11,102.02,0.05
306.64,22.11,102.02,0.11
306.76,22.11,102.02,0.11
306.88,22.11,102.02,0.15
307.00,22.11,102.02,0.14
307.12,22.11,102.02,0.14
307.25,22.11,102.02,0.13
307.36,22.11,102.02,0.09
307.48,22.11,102.02,0.10
307.60,22.11,102.02,0.10
307.72,22.11,102.02,0.12
307.85,22.11,102.02,0.10
307.96,22.11,102.02,0.09
308.08,22.11,102.02,0.14
308.20,22.11,102.02,0.13
308.32,22.11,102.02,0.17
308.45,22.11,102.02,0.16
308.56,22.11,102.02,0.15
308.68,22.11,102.02,0.16
308.80,22.11,102.02,0.16
308.92,22.11,102.02,0.15
309.05,22.11,102.02,0.17
309.17,22.11,102.02,0.13
309.28,22.11,102.02,0.14
309.40,22.11,102.02,0.17
309.52,22.11,102.02,0.18
309.65,22.11,102.02,0.19
309.77,22.11,102.02,0.23
309.88,22.11,102.02,0.21
310.00,22.11,102.02,0.19
310.12,22.11,102.02,0.17
310.25,22.11,102.02,0.18
310.37,22.11,102.02,0.20
310.48,22.11,102.02,0.21
310.60,22.11,102.02,0.18
310.72,22.11,102.02,0.20
310.85,22.11,102.02,0.22
310.97,22.11,102.02,0.18
311.08,22.11,102.02,0.20
311.20,22.11,102.02,0.13
311.32,22.11,102.02,0.14
311.45,22.11,102.02,0.15
311.57,22.11,102.02,0.10
311.69,22.11,102.02,0.13
311.80,22.11,102.02,0.13
311.92,22.11,102.02,0.17
312.05,22.11,102.02,0.18
312.17,22.11,102.02,0.20
312.29,22.11,102.02,0.11
312.40,22.11,102.02,0.06
312.52,22.11,102.02,0.11
312.65,22.11,102.02,0.11
312.77,22.11,102.02,0.06
312.89,22.10,102.02,0.11
313.00,22.10,102.02,0.15
313.12,22.11,102.02,0.25
313.25,22.11,102.02,0.15
313.37,22.11,102.02,0.09
313.49,22.11,102.02,0.10
313.60,22.11,102.02,0.08
313.72,22.11,102.02,0.09
313.85,22.11,102.02,0.08
313.97,22.11,102.02,0.06
314.09,22.11,102.02,0.07
314.20,22.11,102.02,0.11
314.32,22.11,102.02,0.16
314.45,22.11,102.02,0.21
314.57,22.11,102.02,0.17
314.69,22.11,102.02,0.11
314.80,22.11,102.02,0.13
314.92,22.11,102.02,0.10
315.05,22.11,102.02,0.09
315.17,22.11,102.02,0.04
315.29,22.11,102.02,0.05
315.41,22.11,102.02,0.09
315.52,22.11,102.02,0.12
315.65,22.11,102.02,0.06
315.77,22.11,102.02,0.10
315.89,22.11,102.02,0.15
316.01,22.11,102.02,0.13
316.12,22.11,102.02,0.12
316.25,22.11,102.02,0.12
316.37,22.11,102.02,0.09
316.49,22.11,102.02,0.15
316.61,22.11,102.02,0.10
316.72,22.11,102.02,0.11
316.85,22.11,102.02,0.04
316.97,22.11,102.02,0.11
317.09,22.11,102.02,0.12
317.21,22.11,102.02,0.14
317.32,22.11,102.02,0.16
317.45,22.11,102.02,0.20
317.57,22.11,102.02,0.21
317.69,22.11,102.02,0.17
317.81,22.11,102.02,0.15
317.92,22.11,102.02,0.23
318.05,22.11,102.02,0.24
318.17,22.11,102.02,0.16
318.29,22.11,102.02,0.19
318.41,22.11,102.02,0.17
318.52,22.11,102.02,0.18
318.65,22.11,102.02,0.15
318.77,22.11,102.02,0.18
318.89,22.11,102.02,0.16
319.01,22.11,102.02,0.16
319.13,22.11,102.02,0.13
319.25,22.11,102.02,0.13
319.37,22.11,102.02,0.09
319.49,22.11,102.02,0.15
319.61,22.11,102.02,0.22
319.73,22.11,102.02,0.14
319.85,22.11,102.02,0.15
319.97,22.11,102.02,0.15
320.09,22.11,102.02,0.17
320.21,22.11,102.02,0.16
320.33,22.11,102.02,0.13
320.45,22.11,102.02,0.11
320.57,22.11,102.02,0.03
320.69,22.11,102.02,0.01
320.81,22.11,102.02,0.03
320.93,22.11,102.02,0.02
321.05,22.11,102.02,0.07
321.17,22.11,102.02,0.06
321.29,22.11,102.02,0.06
321.41,22.11,102.02,0.02
321.53,22.11,102.02,0.01
321.65,22.11,102.02,0.10
321.77,22.11,102.02,0.08
321.89,22.11,102.02,0.11
322.01,22.11,102.02,0.10
322.13,22.11,102.02,0.16
322.26,22.11,102.02,0.15
322.37,22.11,102.02,0.22
322.49,22.11,102.02,0.19
322.61,22.11,102.02,0.18
322.73,22.11,102.02,0.22
322.86,22.11,102.02,0.19
322.97,22.11,102.02,0.27
323.09,22.11,102.02,0.20
323.21,22.11,102.02,0.19
323.33,22.11,102.02,0.22
323.46,22.11,102.02,0.29
323.57,22.11,102.02,0.25
323.69,22.11,102.02,0.28
323.81,22.11,102.02,0.21
323.93,22.11,102.02,0.25
324.06,22.11,102.02,0.24
324.17,22.11,102.02,0.25
324.29,22.11,102.02,0.24
324.41,22.11,102.02,0.28
324.53,22.11,102.02,0.28
324.66,22.11,102.02,0.24
324.77,22.11,102.02,0.26
324.89,22.11,102.02,0.25
325.01,22.11,102.02,0.29
325.13,22.11,102.02,0.31
325.26,22.11,102.02,0.33
325.38,22.11,102.02,0.28
325.49,22.11,102.02,0.25
325.61,22.11,102.02,0.22
325.73,22.10,102.02,0.22
325.86,22.10,102.02,0.25
325.98,22.10,102.02,0.24
326.09,22.10,102.02,0.11
326.21,22.11,102.02,0.13
326.33,22.11,102.02,0.12
326.46,22.11,102.02,0.15
326.58,22.11,102.02,0.12
326.69,22.11,102.02,0.16
326.81,22.11,102.02,0.16
326.93,22.11,102.02,0.13
327.06,22.11,102.02,0.10
327.18,22.11,102.02,0.10
327.29,22.11,102.02,0.14
327.41,22.11,102.02,0.11
327.53,22.11,102.02,0.07
327.66,22.11,102.02,0.10
327.78,22.11,102.02,0.13
327.89,22.11,102.02,0.08
328.01,22.11,102.02,0.07
328.13,22.11,102.02,0.16
328.26,22.11,102.02,0.21
328.38,22.11,102.02,0.24
328.50,22.11,102.02,0.21
328.61,22.11,102.02,0.20
328.73,22.11,102.02,0.23
328.86,22.11,102.02,0.17
328.98,22.11,102.02,0.14
329.10,22.11,102.02,0.15
329.21,22.11,102.02,0.09
329.33,22.11,102.02,0.13
329.46,22.11,102.02,0.17
329.58,22.11,102.02,0.15
329.70,22.11,102.02,0.13
329.82,22.11,102.02,0.16
329.93,22.11,102.02,0.22
330.06,22.11,102.02,0.18
330.18,22.11,102.02,0.13
330.30,22.11,102.02,0.14
330.42,22.11,102.02,0.13
330.53,22.11,102.02,0.18
330.66,22.11,102.02,0.23
330.78,22.11,102.02,0.24
330.90,22.11,102.02,0.27
331.02,22.11,102.02,0.31
331.13,22.11,102.02,0.26
331.26,22.11,102.02,0.29
331.38,22.11,102.02,0.21
331.50,22.11,102.02,0.22
331.62,22.11,102.02,0.22
331.73,22.11,102.02,0.25
331.86,22.11,102.02,0.26
331.98,22.11,102.02,0.24
332.10,22.11,102.02,0.24
332.22,22.11,102.02,0.24
332.33,22.11,102.02,0.20
332.46,22.11,102.02,0.20
332.58,22.11,102.02,0.17
332.70,22.11,102.02,0.22
332.82,22.11,102.02,0.28
332.94,22.11,102.02,0.28
333.06,22.11,102.02,0.27
333.18,22.11,102.02,0.21
333.30,22.11,102.02,0.22
333.42,22.11,102.02,0.31
333.54,22.11,102.02,0.29
333.66,22.11,102.02,0.29
333.78,22.11,102.02,0.34
333.90,22.11,102.02,0.26
334.02,22.11,102.02,0.32
334.14,22.11,102.02,0.30
334.26,22.11,102.02,0.24
334.38,22.11,102.02,0.18
334.50,22.11,102.02,0.16
334.62,22.11,102.02,0.13
334.74,22.11,102.02,0.04
334.86,22.11,102.02,0.09
334.98,22.11,102.02,0.11
335.10,22.11,102.02,0.16
335.22,22.11,102.02,0.16
335.34,22.11,102.02,0.15
335.46,22.11,102.02,0.17
335.58,22.11,102.02,0.17
335.70,22.11,102.02,0.13
335.82,22.11,102.02,0.09
335.94,22.11,102.02,0.09
336.06,22.11,102.02,0.09
336.18,22.10,102.02,0.06
336.30,22.11,102.02,0.07
336.42,22.11,102.02,0.10
336.54,22.11,102.02,0.12
336.67,22.11,102.02,0.07
336.78,22.11,102.02,0.11
336.90,22.11,102.02,0.06
337.02,22.11,102.02,0.08
337.14,22.11,102.02,0.09
337.27,22.11,102.02,0.14
337.38,22.11,102.02,0.16
337.50,22.11,102.02,0.20
337.62,22.11,102.02,0.13
337.74,22.11,102.02,0.10
337.86,22.11,102.02,0.15
337.98,22.11,102.02,0.16
338.10,22.11,102.02,0.16
338.22,22.11,102.02,0.16
338.34,22.11,102.02,0.12
338.47,22.11,102.02,0.16
338.58,22.11,102.02,0.17
338.70,22.11,102.02,0.13
338.82,22.11,102.02,0.23
338.94,22.11,102.02,0.19
339.07,22.11,102.02,0.21
339.18,22.11,102.02,0.14
339.30,22.11,102.02,0.13
339.42,22.11,102.02,0.11
339.54,22.11,102.02,0.10
339.67,22.11,102.02,0.14
339.79,22.11,102.02,0.15
339.90,22.11,102.02,0.19
340.02,22.11,102.02,0.12
340.14,22.11,102.02,0.10
340.27,22.11,102.02,0.05
340.39,22.11,102.02,0.08
340.50,22.11,102.02,0.16
340.62,22.11,102.02,0.16
340.74,22.11,102.02,0.19
340.87,22.11,102.02,0.23
340.98,22.11,102.02,0.25
341.10,22.11,102.02,0.20
341.22,22.11,102.02,0.12
341.34,22.11,102.02,0.14
341.47,22.11,102.02,0.14
341.59,22.11,102.02,0.17
341.70,22.11,102.02,0.21
341.82,22.11,102.02,0.17
341.94,22.11,102.02,0.17
342.07,22.11,102.02,0.18
342.19,22.11,102.02,0.17
342.30,22.11,102.02,0.17
342.42,22.11,102.02,0.15
342.54,22.11,102.02,0.23
342.67,22.11,102.02,0.28
342.79,22.11,102.02,0.26
342.91,22.11,102.02,0.22
343.02,22.11,102.02,0.18
343.14,22.11,102.02,0.26
343.27,22.11,102.02,0.25
343.39,22.11,102.02,0.27
343.51,22.11,102.02,0.21
343.62,22.11,102.02,0.26
343.74,22.11,102.02,0.25
343.87,22.12,102.02,0.23
343.99,22.12,102.02,0.18
344.11,22.12,102.02,0.20
344.22,22.12,102.02,0.20
344.34,22.12,102.02,0.16
344.47,22.12,102.02,0.15
344.59,22.12,102.02,0.11
344.71,22.12,102.02,0.04
344.82,22.12,102.02,0.12
344.94,22.11,102.02,0.18
345.07,22.11,102.02,0.17
345.19,22.11,102.02,0.16
345.31,22.11,102.02,0.14
345.42,22.11,102.02,0.12
345.54,22.11,102.02,0.06
345.67,22.11,102.02,0.11
345.79,22.12,102.02,0.08
345.91,22.11,102.02,0.13
346.02,22.11,102.02,0.16
346.14,22.11,102.02,0.17
346.27,22.11,102.02,0.19
346.39,22.11,102.02,0.14
346.51,22.11,102.02,0.13
346.63,22.11,102.02,0.14
346.74,22.11,102.02,0.13
346.87,22.11,102.02,0.16
BUTTON PRESSED
ZEROED
346.99,22.11,102.02,0.12
BUTTON PRESSED
ZEROED
347.11,22.11,102.02,-0.04
347.23,22.11,102.02,-0.01
347.35,22.11,102.02,-0.01
347.48,22.11,102.02,-0.06
347.60,22.11,102.02,-0.04
347.71,22.11,102.02,-0.06
347.83,22.11,102.02,0.01
347.95,22.12,102.02,0.06
348.08,22.12,102.02,0.10
348.20,22.12,102.02,0.03
348.32,22.11,102.02,0.04
348.43,22.11,102.02,0.07
348.55,22.11,102.02,0.04
348.68,22.11,102.02,0.06
348.80,22.11,102.02,0.10
348.92,22.11,102.02,0.06
349.03,22.11,102.02,0.06
349.15,22.11,102.02,0.11
349.28,22.11,102.02,0.08
349.40,22.11,102.02,0.07
349.52,22.11,102.02,0.09
349.63,22.11,102.02,0.10
349.75,22.11,102.02,0.07
349.88,22.11,102.02,0.15
350.00,22.11,102.02,0.12
350.11,22.11,102.02,0.15
350.23,22.12,102.02,0.18
350.35,22.12,102.02,0.17
350.48,22.12,102.02,0.12
350.60,22.12,102.02,0.14
350.72,22.12,102.02,0.08
350.83,22.12,102.02,0.07
350.95,22.12,102.02,0.03
351.08,22.12,102.02,-0.01
351.20,22.12,102.02,0.07
351.32,22.12,102.02,0.08
351.44,22.12,102.02,0.08
351.55,22.12,102.02,0.08
351.68,22.12,102.02,0.10
351.80,22.12,102.02,0.01
351.92,22.12,102.02,0.05
352.04,22.12,102.02,0.06
352.15,22.12,102.02,0.08
352.28,22.12,102.02,0.04
352.40,22.12,102.02,0.02
352.52,22.11,102.02,0.06
352.64,22.12,102.02,0.04
352.75,22.11,102.02,0.03
352.88,22.11,102.02,-0.01
353.00,22.11,102.02,-0.03
353.12,22.11,102.02,-0.06
353.24,22.11,102.02,-0.04
353.35,22.11,102.02,0.01
353.48,22.12,102.02,0.04
353.60,22.12,102.02,0.03
353.72,22.11,102.02,0.04
353.84,22.12,102.02,0.08
353.95,22.12,102.02,0.06
354.08,22.12,102.02,0.02
354.20,22.12,102.02,-0.01
354.32,22.11,102.02,-0.02
354.44,22.11,102.02,-0.05
354.55,22.12,102.02,-0.10
354.68,22.12,102.02,-0.12
354.80,22.12,102.02,-0.07
354.92,22.12,102.02,-0.02
355.04,22.12,102.02,-0.02
355.16,22.13,102.02,-0.03
355.28,22.13,102.02,0.00
355.40,22.13,102.02,0.00
355.52,22.13,102.02,-0.02
355.64,22.13,102.02,-0.02
355.76,22.13,102.02,-0.07
355.89,22.13,102.02,-0.02
356.00,22.13,102.02,0.02
356.12,22.13,102.02,-0.02
356.24,22.14,102.02,0.01
356.36,22.14,102.02,0.02
356.49,22.14,102.02,0.00
356.60,22.14,102.02,0.05
356.72,22.14,102.02,0.01
356.84,22.14,102.02,-0.04
356.96,22.14,102.02,-0.05
357.09,22.14,102.02,-0.07
357.20,22.15,102.02,-0.06
357.32,22.15,102.02,0.02
357.44,22.14,102.02,-0.01
357.56,22.14,102.02,-0.02
357.69,22.14,102.02,-0.01
357.81,22.14,102.02,-0.02
357.92,22.14,102.02,-0.08
358.04,22.14,102.02,0.03
358.16,22.14,102.02,-0.03
358.29,22.14,102.02,-0.03
358.41,22.14,102.02,0.03
358.52,22.14,102.02,0.04
358.64,22.14,102.02,0.10
358.76,22.13,102.02,0.03
358.89,22.13,102.02,0.03
359.01,22.13,102.02,0.06
359.12,22.13,102.02,0.14
359.24,22.13,102.02,0.15
359.36,22.13,102.02,0.22
359.49,22.13,102.02,0.21
359.61,22.13,102.02,0.28
359.73,22.13,102.01,0.32
359.84,22.13,102.01,0.30
359.96,22.13,102.01,0.35
360.09,22.13,102.01,0.35
360.21,22.13,102.01,0.39
360.33,22.13,102.01,0.45
360.44,22.13,102.01,0.51
360.56,22.14,102.01,0.50
360.69,22.14,102.01,0.54
360.81,22.14,102.01,0.50
360.93,22.14,102.01,0.45
361.04,22.14,102.01,0.45
361.16,22.14,102.01,0.44
361.29,22.15,102.01,0.38
361.41,22.15,102.01,0.44
361.53,22.15,102.01,0.48
361.64,22.15,102.01,0.49
361.76,22.15,102.01,0.46
361.89,22.15,102.01,0.47
362.01,22.15,102.01,0.40
362.13,22.15,102.01,0.37
362.25,22.15,102.01,0.34
362.36,22.15,102.01,0.39
362.49,22.15,102.01,0.49
362.61,22.15,102.01,0.41
362.73,22.15,102.01,0.36
362.85,22.15,102.01,0.40
362.96,22.16,102.01,0.40
363.09,22.16,102.01,0.39
363.21,22.16,102.01,0.34
363.33,22.16,102.01,0.42
363.45,22.16,102.01,0.48
363.57,22.16,102.01,0.54
363.69,22.16,102.01,0.51
363.81,22.16,102.01,0.49
363.93,22.16,102.01,0.43
364.05,22.16,102.01,0.43
364.17,22.16,102.01,0.38
364.29,22.17,102.01,0.36
364.41,22.17,102.01,0.28
364.53,22.17,102.01,0.28
364.65,22.17,102.01,0.21
364.77,22.17,102.02,0.16
364.89,22.17,102.02,0.16
365.01,22.17,102.02,0.15
365.13,22.17,102.02,0.13
365.25,22.18,102.02,0.12
365.37,22.18,102.02,0.14
365.49,22.18,102.02,0.16
365.61,22.19,102.02,0.16
365.73,22.19,102.02,0.19
365.85,22.19,102.02,0.20
365.97,22.19,102.02,0.17
366.09,22.19,102.02,0.15
366.21,22.19,102.02,0.14
366.33,22.19,102.02,0.15
366.45,22.19,102.02,0.17
366.57,22.19,102.02,0.11
366.70,22.19,102.02,0.11
366.81,22.20,102.02,0.12
366.93,22.20,102.02,0.11
367.05,22.20,102.02,0.16
367.17,22.20,102.02,0.13
367.30,22.20,102.02,0.06
367.41,22.20,102.02,0.12
367.53,22.20,102.02,0.14
367.65,22.20,102.02,0.09
367.77,22.20,102.02,0.09
367.90,22.20,102.02,0.15
368.01,22.20,102.02,0.19
368.13,22.20,102.02,0.15
368.25,22.21,102.02,0.21
368.37,22.21,102.02,0.16
368.50,22.21,102.02,0.05
368.61,22.21,102.02,0.06
368.73,22.22,102.02,0.02
368.85,22.22,102.02,0.02
368.97,22.22,102.02,-0.05
369.10,22.22,102.02,-0.04
369.22,22.22,102.02,-0.12
369.33,22.22,102.02,-0.09
369.45,22.23,102.02,-0.02
369.57,22.23,102.02,0.03
369.70,22.23,102.02,0.09
369.82,22.23,102.02,0.11
369.93,22.23,102.02,0.13
370.05,22.24,102.02,0.15
370.17,22.24,102.02,0.15
370.30,22.24,102.02,0.11
370.42,22.24,102.02,0.08
370.54,22.24,102.02,0.04
370.65,22.24,102.02,0.03
370.77,22.24,102.02,0.01
370.90,22.24,102.02,0.09
371.02,22.24,102.02,0.11
371.14,22.24,102.02,0.10
371.25,22.24,102.02,0.11
371.37,22.24,102.02,0.09
371.50,22.25,102.02,0.07
371.62,22.25,102.02,0.04
371.73,22.25,102.02,0.10
371.85,22.25,102.02,0.12
371.97,22.25,102.02,0.10
372.10,22.25,102.02,0.16
372.22,22.25,102.02,0.09
372.34,22.25,102.02,0.12
372.45,22.25,102.02,0.13
372.57,22.25,102.02,0.13
372.70,22.25,102.02,0.10
372.82,22.26,102.02,0.06
372.94,22.26,102.02,0.04
373.05,22.26,102.02,-0.01
373.17,22.26,102.02,-0.01
373.30,22.26,102.02,0.02
373.42,22.26,102.02,0.04
373.54,22.26,102.02,0.03
373.66,22.26,102.02,-0.01
373.77,22.27,102.02,-0.01
373.90,22.27,102.02,0.01
374.02,22.27,102.02,0.12
374.14,22.27,102.02,0.13
374.26,22.27,102.02,0.15
374.37,22.27,102.02,0.16
374.50,22.27,102.02,0.11
374.62,22.28,102.02,0.15
374.74,22.28,102.02,0.17
374.86,22.28,102.02,0.16
374.97,22.28,102.02,0.17
375.10,22.28,102.02,0.09
375.22,22.28,102.02,0.09
375.34,22.28,102.02,0.07
375.46,22.28,102.02,0.07
375.58,22.28,102.02,0.05
375.70,22.28,102.02,0.03
375.82,22.28,102.02,0.01
375.94,22.28,102.02,-0.01
376.06,22.29,102.02,-0.01
376.17,22.29,102.02,-0.04
376.30,22.29,102.02,0.02
376.42,22.29,102.02,-0.01
376.54,22.29,102.02,0.04
376.66,22.29,102.02,0.08
376.78,22.29,102.02,0.11
376.90,22.29,102.02,0.06
377.02,22.29,102.02,0.08
377.14,22.29,102.02,0.04
377.26,22.30,102.02,0.00
377.38,22.30,102.02,-0.02
377.50,22.30,102.02,0.05
377.62,22.30,102.02,-0.01
377.74,22.30,102.02,-0.01
377.86,22.30,102.02,0.06
377.98,22.30,102.02,0.14
378.11,22.31,102.02,0.13
378.22,22.31,102.02,0.09
378.34,22.31,102.02,0.16
378.46,22.31,102.02,0.15
378.58,22.31,102.02,0.17
378.70,22.31,102.02,0.17
378.82,22.31,102.02,0.11
378.94,22.31,102.02,0.03
379.06,22.31,102.02,0.07
379.18,22.31,102.02,0.03
379.30,22.31,102.02,0.11
379.42,22.31,102.02,0.08
379.54,22.32,102.02,0.03
379.66,22.32,102.02,0.06
379.78,22.32,102.02,0.10
379.91,22.32,102.02,0.08
380.02,22.32,102.02,0.07
380.14,22.32,102.02,0.04
380.26,22.32,102.02,-0.02
380.38,22.32,102.02,-0.03
380.51,22.32,102.02,0.06
380.63,22.32,102.02,0.08
380.74,22.32,102.02,0.06
380.86,22.32,102.02,0.03
380.98,22.32,102.02,-0.02
381.11,22.33,102.02,-0.08
381.23,22.33,102.02,-0.04
381.34,22.33,102.02,-0.08
381.46,22.33,102.02,-0.12
381.58,22.33,102.02,-0.07
381.71,22.33,102.02,-0.10
381.83,22.33,102.02,-0.05
381.95,22.33,102.02,-0.01
382.06,22.33,102.02,0.01
382.18,22.33,102.02,0.05
382.31,22.33,102.02,0.08
382.43,22.34,102.02,0.09
382.55,22.34,102.02,0.07
382.66,22.34,102.02,0.04
382.78,22.34,102.02,0.04
382.91,22.34,102.02,-0.02
383.03,22.34,102.02,0.05
383.15,22.34,102.02,-0.03
383.26,22.34,102.02,0.01
383.38,22.34,102.02,-0.02
383.51,22.34,102.02,0.01
383.63,22.35,102.02,-0.05
383.75,22.35,102.02,-0.03
383.86,22.35,102.02,-0.02
383.98,22.35,102.02,0.01
384.11,22.35,102.02,0.03
384.23,22.35,102.02,0.05
384.35,22.35,102.02,0.02
384.47,22.35,102.02,-0.03
384.58,22.35,102.02,-0.02
384.71,22.35,102.02,-0.01
384.83,22.35,102.02,-0.03
384.95,22.35,102.02,0.01
385.07,22.35,102.02,0.01
385.19,22.35,102.02,-0.01
385.31,22.35,102.02,-0.05
385.43,22.35,102.02,-0.11
385.55,22.36,102.02,-0.09
385.67,22.36,102.02,-0.12
385.79,22.36,102.02,-0.12
385.91,22.36,102.02,-0.14
386.03,22.36,102.02,-0.17
386.15,22.36,102.02,-0.21
386.27,22.36,102.02,-0.20
386.39,22.36,102.02,-0.14
386.51,22.36,102.02,-0.15
386.63,22.36,102.02,-0.15
386.75,22.36,102.02,-0.05
386.87,22.36,102.02,-0.02
386.99,22.36,102.02,-0.06
387.12,22.36,102.02,0.02
387.23,22.36,102.02,0.01
387.35,22.36,102.02,0.04
387.47,22.37,102.02,-0.03
387.59,22.36,102.02,0.01
387.72,22.37,102.02,-0.02
387.83,22.37,102.02,-0.11
387.95,22.37,102.02,-0.07
388.07,22.37,102.02,-0.06
388.19,22.37,102.02,-0.01
388.32,22.37,102.02,-0.02
388.44,22.37,102.02,-0.06
388.55,22.37,102.02,-0.10
388.67,22.36,102.02,-0.08
388.79,22.36,102.02,-0.09
388.92,22.36,102.02,-0.12
389.04,22.36,102.02,-0.18
389.15,22.36,102.02,-0.12
389.27,22.36,102.02,-0.13
389.39,22.36,102.02,-0.12
389.52,22.36,102.02,-0.07
389.64,22.36,102.02,-0.11
389.76,22.36,102.02,-0.14
389.87,22.36,102.02,-0.12
389.99,22.36,102.02,-0.13
390.12,22.35,102.02,-0.08
390.24,22.35,102.02,-0.06
390.36,22.35,102.02,-0.03
390.47,22.35,102.02,0.02
390.59,22.35,102.02,0.02
390.72,22.35,102.02,-0.03
390.84,22.35,102.02,0.01
390.96,22.35,102.02,-0.05
391.08,22.35,102.02,-0.01
391.19,22.35,102.02,-0.04
391.32,22.35,102.02,-0.05
391.44,22.35,102.02,-0.05
391.56,22.35,102.02,-0.14
391.67,22.35,102.02,-0.21
391.79,22.35,102.02,-0.21
391.92,22.35,102.02,-0.18
392.04,22.35,102.02,-0.15
392.16,22.35,102.02,-0.14
392.28,22.35,102.02,-0.08
392.39,22.34,102.02,-0.09
392.52,22.34,102.02,-0.14
392.64,22.34,102.02,-0.08
392.76,22.34,102.02,-0.01
392.88,22.34,102.02,0.02
393.00,22.34,102.02,0.01
393.12,22.34,102.02,-0.05
393.24,22.34,102.02,-0.10
393.36,22.34,102.02,-0.08
393.48,22.33,102.02,-0.05
393.60,22.33,102.02,-0.10
393.72,22.33,102.02,-0.06
393.84,22.33,102.02,-0.12
393.96,22.33,102.02,-0.05
394.08,22.33,102.02,-0.08
394.20,22.33,102.02,-0.09
394.33,22.33,102.02,-0.12
394.44,22.33,102.02,-0.05
394.56,22.33,102.02,-0.04
394.68,22.33,102.02,-0.05
394.80,22.33,102.02,-0.03
394.93,22.33,102.02,-0.07
395.04,22.33,102.02,-0.04
395.16,22.33,102.02,-0.11
395.28,22.33,102.02,-0.11
395.40,22.33,102.02,-0.09
395.53,22.32,102.02,-0.06
395.64,22.32,102.02,-0.12
395.76,22.32,102.02,-0.04
395.88,22.32,102.02,-0.11
396.00,22.32,102.02,-0.04
396.13,22.32,102.02,-0.02
396.25,22.32,102.02,-0.08
396.36,22.32,102.02,-0.05
396.48,22.32,102.02,-0.05
396.60,22.32,102.02,-0.03
396.73,22.31,102.02,-0.08
396.85,22.31,102.02,-0.07
396.96,22.31,102.02,-0.09
397.08,22.31,102.02,-0.05
397.20,22.31,102.02,-0.07
397.33,22.31,102.02,-0.01
397.45,22.31,102.02,-0.07
397.57,22.31,102.02,-0.10
397.68,22.31,102.02,-0.09
397.80,22.31,102.02,-0.13
397.93,22.31,102.02,-0.03
398.05,22.30,102.02,-0.02
398.17,22.30,102.02,-0.04
398.28,22.30,102.02,-0.07
398.40,22.30,102.02,-0.04
398.53,22.30,102.02,-0.02
398.65,22.30,102.02,-0.02
398.77,22.30,102.02,-0.07
398.89,22.30,102.02,-0.07
399.00,22.30,102.02,-0.04
399.13,22.30,102.02,0.05
399.25,22.29,102.02,0.03
399.37,22.29,102.02,-0.06
399.49,22.29,102.02,-0.06
399.60,22.29,102.02,-0.02
399.73,22.29,102.02,-0.03
399.85,22.29,102.02,-0.05
399.97,22.29,102.02,0.00
400.09,22.29,102.02,-0.03
400.20,22.29,102.02,-0.02
400.33,22.29,102.02,-0.02
400.45,22.29,102.02,-0.03
400.57,22.29,102.02,-0.06
400.69,22.29,102.02,-0.05
400.81,22.29,102.02,-0.03
400.93,22.29,102.02,-0.03
401.05,22.29,102.02,-0.08
401.17,22.29,102.02,-0.06
401.29,22.29,102.02,-0.09
401.41,22.29,102.02,-0.12
401.53,22.29,102.02,-0.11
401.65,22.29,102.02,-0.02
401.77,22.29,102.02,-0.03
401.89,22.28,102.02,0.01
402.01,22.29,102.02,0.04
402.14,22.29,102.02,0.07
402.25,22.29,102.02,0.05
402.37,22.28,102.02,0.04
402.49,22.28,102.02,0.02
402.61,22.28,102.02,-0.01
402.74,22.28,102.02,-0.04
402.85,22.28,102.02,-0.06
402.97,22.28,102.02,-0.04
403.09,22.28,102.02,-0.05
403.21,22.28,102.02,-0.03
403.34,22.27,102.02,-0.02
403.46,22.28,102.02,-0.03
403.57,22.28,102.02,-0.04
403.69,22.28,102.02,0.01
403.81,22.28,102.02,0.07
403.94,22.28,102.02,0.10
404.06,22.28,102.02,0.06
404.17,22.28,102.02,-0.02
404.29,22.28,102.02,-0.02
404.41,22.28,102.02,0.05
404.54,22.28,102.02,0.09
404.66,22.28,102.02,0.11
404.77,22.28,102.02,0.08
404.89,22.28,102.02,0.07
405.01,22.28,102.02,0.04
405.14,22.28,102.02,0.08
405.26,22.28,102.02,0.08
405.37,22.28,102.02,0.15
405.49,22.28,102.02,0.11
405.61,22.28,102.02,0.09
405.74,22.28,102.02,0.15
405.86,22.28,102.02,0.12
405.98,22.28,102.02,0.14
406.09,22.28,102.02,0.11
406.21,22.28,102.02,0.10
406.34,22.28,102.02,0.12
406.46,22.28,102.02,0.15
406.58,22.28,102.02,0.17
406.69,22.28,102.02,0.12
406.81,22.29,102.02,0.13
406.94,22.29,102.02,0.12
407.06,22.29,102.02,0.08
407.18,22.29,102.02,0.13
407.29,22.29,102.02,0.16
407.41,22.29,102.02,0.15
407.54,22.29,102.02,0.14
407.66,22.29,102.02,0.14
407.78,22.29,102.02,0.13
